#
# There is insufficient memory for the Java Runtime Environment to continue.
# Native memory allocation (malloc) failed to allocate 2357904 bytes. Error detail: Chunk::new
# Possible reasons:
#   The system is out of physical RAM or swap space
#   This process is running with CompressedOops enabled, and the Java Heap may be blocking the growth of the native heap
# Possible solutions:
#   Reduce memory load on the system
#   Increase physical memory or swap space
#   Check if swap backing store is full
#   Decrease Java heap size (-Xmx/-Xms)
#   Decrease number of Java threads
#   Decrease Java thread stack sizes (-Xss)
#   Set larger code cache with -XX:ReservedCodeCacheSize=
#   JVM is running with Zero Based Compressed Oops mode in which the Java heap is
#     placed in the first 32GB address space. The Java Heap base address is the
#     maximum limit for the native heap growth. Please use -XX:HeapBaseMinAddress
#     to set the Java Heap base and to place the Java Heap above 32GB virtual address.
# This output file may be truncated or incomplete.
#
#  Out of Memory Error (arena.cpp:162), pid=23996, tid=15376
#
# JRE version: Java(TM) SE Runtime Environment (24.0.2+12) (build 24.0.2+12-54)
# Java VM: Java HotSpot(TM) 64-Bit Server VM (24.0.2+12-54, mixed mode, sharing, tiered, compressed oops, compressed class ptrs, g1 gc, windows-amd64)
# No core dump will be written. Minidumps are not enabled by default on client versions of Windows
#

---------------  S U M M A R Y ------------

Command Line: -javaagent:D:\apps\IntelliJ IDEAc\IntelliJ IDEA Community Edition 2025.2.2\lib\idea_rt.jar=58214 -Dfile.encoding=UTF-8 -Dsun.stdout.encoding=UTF-8 -Dsun.stderr.encoding=UTF-8 --module-path=C:\Users\jaisu\.m2\repository\com\google\code\gson\gson\2.10.1\gson-2.10.1.jar;C:\Users\jaisu\.m2\repository\org\openjfx\javafx-fxml\21\javafx-fxml-21-win.jar;C:\Users\jaisu\.m2\repository\org\openjfx\javafx-controls\21\javafx-controls-21-win.jar;C:\Users\jaisu\.m2\repository\org\openjfx\javafx-base\21\javafx-base-21-win.jar;C:\Users\jaisu\.m2\repository\org\openjfx\javafx-graphics\21\javafx-graphics-21-win.jar;C:\Users\jaisu\Desktop\daa\netgame\target\classes -Djdk.module.main=com.netgame.netgame com.netgame.netgame/com.nets.NetsGame

Host: Intel(R) Core(TM) Ultra 5 125U, 14 cores, 15G,  Windows 11 , 64 bit Build 26100 (10.0.26100.7309)
Time: Mon Dec 22 00:06:39 2025 India Standard Time elapsed time: 250.536148 seconds (0d 0h 4m 10s)

---------------  T H R E A D  ---------------

Current thread (0x000001c2585a51a0):  JavaThread "C2 CompilerThread0" daemon [_thread_in_native, id=15376, stack(0x00000067fd000000,0x00000067fd100000) (1024K)]


Current CompileTask:
C2:250536 2478       4       com.sun.javafx.scene.layout.RegionHelper::pickNodeLocalImpl (12 bytes)

Stack: [0x00000067fd000000,0x00000067fd100000]
Native frames: (J=compiled Java code, j=interpreted, Vv=VM code, C=native code)
V  [jvm.dll+0x730829]  (no source info available)
V  [jvm.dll+0x8d9da3]  (no source info available)
V  [jvm.dll+0x8dc28d]  (no source info available)
V  [jvm.dll+0x8dc903]  (no source info available)
V  [jvm.dll+0x2a9f56]  (no source info available)
V  [jvm.dll+0xced7f]  (no source info available)
V  [jvm.dll+0xcefdf]  (no source info available)
V  [jvm.dll+0x154c83]  (no source info available)
V  [jvm.dll+0x73604f]  (no source info available)
V  [jvm.dll+0x26f8dc]  (no source info available)
V  [jvm.dll+0x26e8ff]  (no source info available)
V  [jvm.dll+0x1e9c90]  (no source info available)
V  [jvm.dll+0x27e0cb]  (no source info available)
V  [jvm.dll+0x27c36a]  (no source info available)
V  [jvm.dll+0x42f396]  (no source info available)
V  [jvm.dll+0x87d9eb]  (no source info available)
V  [jvm.dll+0x72ef45]  (no source info available)
C  [ucrtbase.dll+0x37b0]  (no source info available)
C  [KERNEL32.DLL+0x2e8d7]  (no source info available)
C  [ntdll.dll+0x8c53c]  (no source info available)

Lock stack of current Java thread (top to bottom):


---------------  P R O C E S S  ---------------

Threads class SMR info:
_java_thread_list=0x000001c29e010d60, length=19, elements={
0x000001c238859aa0, 0x000001c25857f900, 0x000001c258582050, 0x000001c258582f10,
0x000001c258585e50, 0x000001c258587fa0, 0x000001c258590ae0, 0x000001c2585a51a0,
0x000001c2585a5e50, 0x000001c258654160, 0x000001c2587e98c0, 0x000001c29e70be60,
0x000001c25896e480, 0x000001c29edd91d0, 0x000001c29edd9910, 0x000001c29f6e4d00,
0x000001c29f6e9b30, 0x000001c29f795000, 0x000001c29f794160
}

Java Threads: ( => current thread )
  0x000001c238859aa0 JavaThread "main"                              [_thread_blocked, id=9492, stack(0x00000067fc200000,0x00000067fc300000) (1024K)]
  0x000001c25857f900 JavaThread "Reference Handler"          daemon [_thread_blocked, id=10300, stack(0x00000067fca00000,0x00000067fcb00000) (1024K)]
  0x000001c258582050 JavaThread "Finalizer"                  daemon [_thread_blocked, id=20448, stack(0x00000067fcb00000,0x00000067fcc00000) (1024K)]
  0x000001c258582f10 JavaThread "Signal Dispatcher"          daemon [_thread_blocked, id=22544, stack(0x00000067fcc00000,0x00000067fcd00000) (1024K)]
  0x000001c258585e50 JavaThread "Attach Listener"            daemon [_thread_blocked, id=4228, stack(0x00000067fcd00000,0x00000067fce00000) (1024K)]
  0x000001c258587fa0 JavaThread "Service Thread"             daemon [_thread_blocked, id=9848, stack(0x00000067fce00000,0x00000067fcf00000) (1024K)]
  0x000001c258590ae0 JavaThread "Monitor Deflation Thread"   daemon [_thread_blocked, id=9860, stack(0x00000067fcf00000,0x00000067fd000000) (1024K)]
=>0x000001c2585a51a0 JavaThread "C2 CompilerThread0"         daemon [_thread_in_native, id=15376, stack(0x00000067fd000000,0x00000067fd100000) (1024K)]
  0x000001c2585a5e50 JavaThread "C1 CompilerThread0"         daemon [_thread_blocked, id=11828, stack(0x00000067fd100000,0x00000067fd200000) (1024K)]
  0x000001c258654160 JavaThread "Common-Cleaner"             daemon [_thread_blocked, id=2136, stack(0x00000067fd200000,0x00000067fd300000) (1024K)]
  0x000001c2587e98c0 JavaThread "Monitor Ctrl-Break"         daemon [_thread_in_native, id=16492, stack(0x00000067fd500000,0x00000067fd600000) (1024K)]
  0x000001c29e70be60 JavaThread "Notification Thread"        daemon [_thread_blocked, id=13544, stack(0x00000067fd600000,0x00000067fd700000) (1024K)]
  0x000001c25896e480 JavaThread "QuantumRenderer-0"          daemon [_thread_blocked, id=17460, stack(0x00000067fd300000,0x00000067fd400000) (1024K)]
  0x000001c29edd91d0 JavaThread "InvokeLaterDispatcher"      daemon [_thread_blocked, id=20252, stack(0x00000067fd400000,0x00000067fd500000) (1024K)]
  0x000001c29edd9910 JavaThread "JavaFX Application Thread"         [_thread_in_native, id=16636, stack(0x00000067fd700000,0x00000067fd800000) (1024K)]
  0x000001c29f6e4d00 JavaThread "Thread-1"                   daemon [_thread_in_native, id=23120, stack(0x00000067fed00000,0x00000067fee00000) (1024K)]
  0x000001c29f6e9b30 JavaThread "JavaFX-Launcher"                   [_thread_blocked, id=4176, stack(0x00000067fee00000,0x00000067fef00000) (1024K)]
  0x000001c29f795000 JavaThread "Prism Font Disposer"        daemon [_thread_blocked, id=24256, stack(0x00000067ff800000,0x00000067ff900000) (1024K)]
  0x000001c29f794160 JavaThread "Cleaner-0"                  daemon [_thread_blocked, id=16300, stack(0x00000067fef00000,0x00000067ff000000) (1024K)]
Total: 19

Other Threads:
  0x000001c25856c160 VMThread "VM Thread"                           [id=13344, stack(0x00000067fc900000,0x00000067fca00000) (1024K)]
  0x000001c25842cc30 WatcherThread "VM Periodic Task Thread"        [id=21336, stack(0x00000067fc800000,0x00000067fc900000) (1024K)]
  0x000001c2388c1650 WorkerThread "GC Thread#0"                     [id=6104, stack(0x00000067fc300000,0x00000067fc400000) (1024K)]
  0x000001c2a8f90b50 WorkerThread "GC Thread#1"                     [id=16568, stack(0x00000067ff300000,0x00000067ff400000) (1024K)]
  0x000001c2a8fd3000 WorkerThread "GC Thread#2"                     [id=16816, stack(0x00000067ff400000,0x00000067ff500000) (1024K)]
  0x000001c2a8fd33b0 WorkerThread "GC Thread#3"                     [id=16844, stack(0x00000067ff500000,0x00000067ff600000) (1024K)]
  0x000001c2a8fd3760 WorkerThread "GC Thread#4"                     [id=20300, stack(0x00000067ff600000,0x00000067ff700000) (1024K)]
  0x000001c2a903fb30 WorkerThread "GC Thread#5"                     [id=18212, stack(0x00000067ff700000,0x00000067ff800000) (1024K)]
  0x000001c2388d6140 ConcurrentGCThread "G1 Main Marker"            [id=19360, stack(0x00000067fc400000,0x00000067fc500000) (1024K)]
  0x000001c2388d82b0 WorkerThread "G1 Conc#0"                       [id=18844, stack(0x00000067fc500000,0x00000067fc600000) (1024K)]
  0x000001c25841dc50 ConcurrentGCThread "G1 Refine#0"               [id=17476, stack(0x00000067fc600000,0x00000067fc700000) (1024K)]
  0x000001c258420490 ConcurrentGCThread "G1 Service"                [id=23760, stack(0x00000067fc700000,0x00000067fc800000) (1024K)]
Total: 12

Threads with active compile tasks:
C2 CompilerThread0  250686 2478       4       com.sun.javafx.scene.layout.RegionHelper::pickNodeLocalImpl (12 bytes)
Total: 1

VM state: not at safepoint (normal execution)

VM Mutex/Monitor currently owned by a thread: None

Heap address: 0x0000000705200000, size: 4014 MB, Compressed Oops mode: Zero based, Oop shift amount: 3

CDS archive(s) mapped at: [0x000001c259000000-0x000001c259d40000-0x000001c259d40000), size 13893632, SharedBaseAddress: 0x000001c259000000, ArchiveRelocationMode: 1.
Compressed class space mapped at: 0x000001c25a000000-0x000001c29a000000, reserved size: 1073741824
UseCompressedClassPointers 1, UseCompactObjectHeaders 0
Narrow klass pointer bits 32, Max shift 3
Narrow klass base: 0x000001c259000000, Narrow klass shift: 0
Encoding Range: [0x000001c259000000 - 0x000001c359000000), (4294967296 bytes)
Klass Range:    [0x000001c259000000 - 0x000001c29a000000), (1090519040 bytes)
Klass ID Range:  [8 - 1090519033) (1090519025)

GC Precious Log:
 CardTable entry size: 512
 Card Set container configuration: InlinePtr #cards 4 size 8 Array Of Cards #cards 16 size 48 Howl #buckets 8 coarsen threshold 3686 Howl Bitmap #cards 512 size 80 coarsen threshold 460 Card regions per heap region 1 cards per card region 4096
 CPUs: 14 total, 14 available
 Memory: 16049M
 Large Page Support: Disabled
 NUMA Support: Disabled
 Compressed Oops: Enabled (Zero based)
 Heap Region Size: 2M
 Heap Min Capacity: 8M
 Heap Initial Capacity: 252M
 Heap Max Capacity: 4014M
 Pre-touch: Disabled
 Parallel Workers: 11
 Concurrent Workers: 3
 Concurrent Refinement Workers: 11
 Periodic GC: Disabled

Heap:
 garbage-first heap   total reserved 4110336K, committed 260096K, used 32681K [0x0000000705200000, 0x0000000800000000)
  region size 2048K, 16 young (32768K), 3 survivors (6144K)
 Metaspace       used 13306K, committed 13504K, reserved 1114112K
  class space    used 1667K, committed 1792K, reserved 1048576K

Heap Regions: E=young(eden), S=young(survivor), O=old, HS=humongous(starts), HC=humongous(continues), CS=collection set, F=free, TAMS=top-at-mark-start, PB=parsable bottom
|   0|0x0000000705200000, 0x0000000705400000, 0x0000000705400000|100%|HS|  |TAMS 0x0000000705200000| PB 0x0000000705200000| Complete |  0
|   1|0x0000000705400000, 0x0000000705400000, 0x0000000705600000|  0%| F|  |TAMS 0x0000000705400000| PB 0x0000000705400000| Untracked |  0
|   2|0x0000000705600000, 0x0000000705600000, 0x0000000705800000|  0%| F|  |TAMS 0x0000000705600000| PB 0x0000000705600000| Untracked |  0
|   3|0x0000000705800000, 0x0000000705800000, 0x0000000705a00000|  0%| F|  |TAMS 0x0000000705800000| PB 0x0000000705800000| Untracked |  0
|   4|0x0000000705a00000, 0x0000000705a00000, 0x0000000705c00000|  0%| F|  |TAMS 0x0000000705a00000| PB 0x0000000705a00000| Untracked |  0
|   5|0x0000000705c00000, 0x0000000705c00000, 0x0000000705e00000|  0%| F|  |TAMS 0x0000000705c00000| PB 0x0000000705c00000| Untracked |  0
|   6|0x0000000705e00000, 0x0000000705e00000, 0x0000000706000000|  0%| F|  |TAMS 0x0000000705e00000| PB 0x0000000705e00000| Untracked |  0
|   7|0x0000000706000000, 0x0000000706000000, 0x0000000706200000|  0%| F|  |TAMS 0x0000000706000000| PB 0x0000000706000000| Untracked |  0
|   8|0x0000000706200000, 0x0000000706200000, 0x0000000706400000|  0%| F|  |TAMS 0x0000000706200000| PB 0x0000000706200000| Untracked |  0
|   9|0x0000000706400000, 0x0000000706400000, 0x0000000706600000|  0%| F|  |TAMS 0x0000000706400000| PB 0x0000000706400000| Untracked |  0
|  10|0x0000000706600000, 0x0000000706600000, 0x0000000706800000|  0%| F|  |TAMS 0x0000000706600000| PB 0x0000000706600000| Untracked |  0
|  11|0x0000000706800000, 0x0000000706800000, 0x0000000706a00000|  0%| F|  |TAMS 0x0000000706800000| PB 0x0000000706800000| Untracked |  0
|  12|0x0000000706a00000, 0x0000000706a00000, 0x0000000706c00000|  0%| F|  |TAMS 0x0000000706a00000| PB 0x0000000706a00000| Untracked |  0
|  13|0x0000000706c00000, 0x0000000706c00000, 0x0000000706e00000|  0%| F|  |TAMS 0x0000000706c00000| PB 0x0000000706c00000| Untracked |  0
|  14|0x0000000706e00000, 0x0000000706e00000, 0x0000000707000000|  0%| F|  |TAMS 0x0000000706e00000| PB 0x0000000706e00000| Untracked |  0
|  15|0x0000000707000000, 0x0000000707000000, 0x0000000707200000|  0%| F|  |TAMS 0x0000000707000000| PB 0x0000000707000000| Untracked |  0
|  16|0x0000000707200000, 0x0000000707200000, 0x0000000707400000|  0%| F|  |TAMS 0x0000000707200000| PB 0x0000000707200000| Untracked |  0
|  17|0x0000000707400000, 0x0000000707400000, 0x0000000707600000|  0%| F|  |TAMS 0x0000000707400000| PB 0x0000000707400000| Untracked |  0
|  18|0x0000000707600000, 0x0000000707600000, 0x0000000707800000|  0%| F|  |TAMS 0x0000000707600000| PB 0x0000000707600000| Untracked |  0
|  19|0x0000000707800000, 0x0000000707800000, 0x0000000707a00000|  0%| F|  |TAMS 0x0000000707800000| PB 0x0000000707800000| Untracked |  0
|  20|0x0000000707a00000, 0x0000000707a00000, 0x0000000707c00000|  0%| F|  |TAMS 0x0000000707a00000| PB 0x0000000707a00000| Untracked |  0
|  21|0x0000000707c00000, 0x0000000707c00000, 0x0000000707e00000|  0%| F|  |TAMS 0x0000000707c00000| PB 0x0000000707c00000| Untracked |  0
|  22|0x0000000707e00000, 0x0000000707e00000, 0x0000000708000000|  0%| F|  |TAMS 0x0000000707e00000| PB 0x0000000707e00000| Untracked |  0
|  23|0x0000000708000000, 0x0000000708000000, 0x0000000708200000|  0%| F|  |TAMS 0x0000000708000000| PB 0x0000000708000000| Untracked |  0
|  24|0x0000000708200000, 0x0000000708200000, 0x0000000708400000|  0%| F|  |TAMS 0x0000000708200000| PB 0x0000000708200000| Untracked |  0
|  25|0x0000000708400000, 0x0000000708400000, 0x0000000708600000|  0%| F|  |TAMS 0x0000000708400000| PB 0x0000000708400000| Untracked |  0
|  26|0x0000000708600000, 0x0000000708600000, 0x0000000708800000|  0%| F|  |TAMS 0x0000000708600000| PB 0x0000000708600000| Untracked |  0
|  27|0x0000000708800000, 0x0000000708800000, 0x0000000708a00000|  0%| F|  |TAMS 0x0000000708800000| PB 0x0000000708800000| Untracked |  0
|  28|0x0000000708a00000, 0x0000000708a00000, 0x0000000708c00000|  0%| F|  |TAMS 0x0000000708a00000| PB 0x0000000708a00000| Untracked |  0
|  29|0x0000000708c00000, 0x0000000708c00000, 0x0000000708e00000|  0%| F|  |TAMS 0x0000000708c00000| PB 0x0000000708c00000| Untracked |  0
|  30|0x0000000708e00000, 0x0000000708e00000, 0x0000000709000000|  0%| F|  |TAMS 0x0000000708e00000| PB 0x0000000708e00000| Untracked |  0
|  31|0x0000000709000000, 0x0000000709000000, 0x0000000709200000|  0%| F|  |TAMS 0x0000000709000000| PB 0x0000000709000000| Untracked |  0
|  32|0x0000000709200000, 0x0000000709200000, 0x0000000709400000|  0%| F|  |TAMS 0x0000000709200000| PB 0x0000000709200000| Untracked |  0
|  33|0x0000000709400000, 0x0000000709400000, 0x0000000709600000|  0%| F|  |TAMS 0x0000000709400000| PB 0x0000000709400000| Untracked |  0
|  34|0x0000000709600000, 0x0000000709600000, 0x0000000709800000|  0%| F|  |TAMS 0x0000000709600000| PB 0x0000000709600000| Untracked |  0
|  35|0x0000000709800000, 0x0000000709800000, 0x0000000709a00000|  0%| F|  |TAMS 0x0000000709800000| PB 0x0000000709800000| Untracked |  0
|  36|0x0000000709a00000, 0x0000000709a00000, 0x0000000709c00000|  0%| F|  |TAMS 0x0000000709a00000| PB 0x0000000709a00000| Untracked |  0
|  37|0x0000000709c00000, 0x0000000709c00000, 0x0000000709e00000|  0%| F|  |TAMS 0x0000000709c00000| PB 0x0000000709c00000| Untracked |  0
|  38|0x0000000709e00000, 0x0000000709e00000, 0x000000070a000000|  0%| F|  |TAMS 0x0000000709e00000| PB 0x0000000709e00000| Untracked |  0
|  39|0x000000070a000000, 0x000000070a000000, 0x000000070a200000|  0%| F|  |TAMS 0x000000070a000000| PB 0x000000070a000000| Untracked |  0
|  40|0x000000070a200000, 0x000000070a200000, 0x000000070a400000|  0%| F|  |TAMS 0x000000070a200000| PB 0x000000070a200000| Untracked |  0
|  41|0x000000070a400000, 0x000000070a400000, 0x000000070a600000|  0%| F|  |TAMS 0x000000070a400000| PB 0x000000070a400000| Untracked |  0
|  42|0x000000070a600000, 0x000000070a600000, 0x000000070a800000|  0%| F|  |TAMS 0x000000070a600000| PB 0x000000070a600000| Untracked |  0
|  43|0x000000070a800000, 0x000000070a800000, 0x000000070aa00000|  0%| F|  |TAMS 0x000000070a800000| PB 0x000000070a800000| Untracked |  0
|  44|0x000000070aa00000, 0x000000070aa00000, 0x000000070ac00000|  0%| F|  |TAMS 0x000000070aa00000| PB 0x000000070aa00000| Untracked |  0
|  45|0x000000070ac00000, 0x000000070ac00000, 0x000000070ae00000|  0%| F|  |TAMS 0x000000070ac00000| PB 0x000000070ac00000| Untracked |  0
|  46|0x000000070ae00000, 0x000000070ae00000, 0x000000070b000000|  0%| F|  |TAMS 0x000000070ae00000| PB 0x000000070ae00000| Untracked |  0
|  47|0x000000070b000000, 0x000000070b000000, 0x000000070b200000|  0%| F|  |TAMS 0x000000070b000000| PB 0x000000070b000000| Untracked |  0
|  48|0x000000070b200000, 0x000000070b200000, 0x000000070b400000|  0%| F|  |TAMS 0x000000070b200000| PB 0x000000070b200000| Untracked |  0
|  49|0x000000070b400000, 0x000000070b400000, 0x000000070b600000|  0%| F|  |TAMS 0x000000070b400000| PB 0x000000070b400000| Untracked |  0
|  50|0x000000070b600000, 0x000000070b600000, 0x000000070b800000|  0%| F|  |TAMS 0x000000070b600000| PB 0x000000070b600000| Untracked |  0
|  51|0x000000070b800000, 0x000000070b800000, 0x000000070ba00000|  0%| F|  |TAMS 0x000000070b800000| PB 0x000000070b800000| Untracked |  0
|  52|0x000000070ba00000, 0x000000070ba00000, 0x000000070bc00000|  0%| F|  |TAMS 0x000000070ba00000| PB 0x000000070ba00000| Untracked |  0
|  53|0x000000070bc00000, 0x000000070bc00000, 0x000000070be00000|  0%| F|  |TAMS 0x000000070bc00000| PB 0x000000070bc00000| Untracked |  0
|  54|0x000000070be00000, 0x000000070be00000, 0x000000070c000000|  0%| F|  |TAMS 0x000000070be00000| PB 0x000000070be00000| Untracked |  0
|  55|0x000000070c000000, 0x000000070c000000, 0x000000070c200000|  0%| F|  |TAMS 0x000000070c000000| PB 0x000000070c000000| Untracked |  0
|  56|0x000000070c200000, 0x000000070c200000, 0x000000070c400000|  0%| F|  |TAMS 0x000000070c200000| PB 0x000000070c200000| Untracked |  0
|  57|0x000000070c400000, 0x000000070c400000, 0x000000070c600000|  0%| F|  |TAMS 0x000000070c400000| PB 0x000000070c400000| Untracked |  0
|  58|0x000000070c600000, 0x000000070c600000, 0x000000070c800000|  0%| F|  |TAMS 0x000000070c600000| PB 0x000000070c600000| Untracked |  0
|  59|0x000000070c800000, 0x000000070c800000, 0x000000070ca00000|  0%| F|  |TAMS 0x000000070c800000| PB 0x000000070c800000| Untracked |  0
|  60|0x000000070ca00000, 0x000000070ca00000, 0x000000070cc00000|  0%| F|  |TAMS 0x000000070ca00000| PB 0x000000070ca00000| Untracked |  0
|  61|0x000000070cc00000, 0x000000070cc00000, 0x000000070ce00000|  0%| F|  |TAMS 0x000000070cc00000| PB 0x000000070cc00000| Untracked |  0
|  62|0x000000070ce00000, 0x000000070ce00000, 0x000000070d000000|  0%| F|  |TAMS 0x000000070ce00000| PB 0x000000070ce00000| Untracked |  0
|  63|0x000000070d000000, 0x000000070d000000, 0x000000070d200000|  0%| F|  |TAMS 0x000000070d000000| PB 0x000000070d000000| Untracked |  0
|  64|0x000000070d200000, 0x000000070d200000, 0x000000070d400000|  0%| F|  |TAMS 0x000000070d200000| PB 0x000000070d200000| Untracked |  0
|  65|0x000000070d400000, 0x000000070d400000, 0x000000070d600000|  0%| F|  |TAMS 0x000000070d400000| PB 0x000000070d400000| Untracked |  0
|  66|0x000000070d600000, 0x000000070d600000, 0x000000070d800000|  0%| F|  |TAMS 0x000000070d600000| PB 0x000000070d600000| Untracked |  0
|  67|0x000000070d800000, 0x000000070d800000, 0x000000070da00000|  0%| F|  |TAMS 0x000000070d800000| PB 0x000000070d800000| Untracked |  0
|  68|0x000000070da00000, 0x000000070da00000, 0x000000070dc00000|  0%| F|  |TAMS 0x000000070da00000| PB 0x000000070da00000| Untracked |  0
|  69|0x000000070dc00000, 0x000000070dc00000, 0x000000070de00000|  0%| F|  |TAMS 0x000000070dc00000| PB 0x000000070dc00000| Untracked |  0
|  70|0x000000070de00000, 0x000000070de00000, 0x000000070e000000|  0%| F|  |TAMS 0x000000070de00000| PB 0x000000070de00000| Untracked |  0
|  71|0x000000070e000000, 0x000000070e000000, 0x000000070e200000|  0%| F|  |TAMS 0x000000070e000000| PB 0x000000070e000000| Untracked |  0
|  72|0x000000070e200000, 0x000000070e200000, 0x000000070e400000|  0%| F|  |TAMS 0x000000070e200000| PB 0x000000070e200000| Untracked |  0
|  73|0x000000070e400000, 0x000000070e400000, 0x000000070e600000|  0%| F|  |TAMS 0x000000070e400000| PB 0x000000070e400000| Untracked |  0
|  74|0x000000070e600000, 0x000000070e600000, 0x000000070e800000|  0%| F|  |TAMS 0x000000070e600000| PB 0x000000070e600000| Untracked |  0
|  75|0x000000070e800000, 0x000000070e800000, 0x000000070ea00000|  0%| F|  |TAMS 0x000000070e800000| PB 0x000000070e800000| Untracked |  0
|  76|0x000000070ea00000, 0x000000070ea00000, 0x000000070ec00000|  0%| F|  |TAMS 0x000000070ea00000| PB 0x000000070ea00000| Untracked |  0
|  77|0x000000070ec00000, 0x000000070ec00000, 0x000000070ee00000|  0%| F|  |TAMS 0x000000070ec00000| PB 0x000000070ec00000| Untracked |  0
|  78|0x000000070ee00000, 0x000000070ee00000, 0x000000070f000000|  0%| F|  |TAMS 0x000000070ee00000| PB 0x000000070ee00000| Untracked |  0
|  79|0x000000070f000000, 0x000000070f000000, 0x000000070f200000|  0%| F|  |TAMS 0x000000070f000000| PB 0x000000070f000000| Untracked |  0
|  80|0x000000070f200000, 0x000000070f200000, 0x000000070f400000|  0%| F|  |TAMS 0x000000070f200000| PB 0x000000070f200000| Untracked |  0
|  81|0x000000070f400000, 0x000000070f400000, 0x000000070f600000|  0%| F|  |TAMS 0x000000070f400000| PB 0x000000070f400000| Untracked |  0
|  82|0x000000070f600000, 0x000000070f600000, 0x000000070f800000|  0%| F|  |TAMS 0x000000070f600000| PB 0x000000070f600000| Untracked |  0
|  83|0x000000070f800000, 0x000000070f800000, 0x000000070fa00000|  0%| F|  |TAMS 0x000000070f800000| PB 0x000000070f800000| Untracked |  0
|  84|0x000000070fa00000, 0x000000070fa00000, 0x000000070fc00000|  0%| F|  |TAMS 0x000000070fa00000| PB 0x000000070fa00000| Untracked |  0
|  85|0x000000070fc00000, 0x000000070fc00000, 0x000000070fe00000|  0%| F|  |TAMS 0x000000070fc00000| PB 0x000000070fc00000| Untracked |  0
|  86|0x000000070fe00000, 0x000000070fe00000, 0x0000000710000000|  0%| F|  |TAMS 0x000000070fe00000| PB 0x000000070fe00000| Untracked |  0
|  87|0x0000000710000000, 0x0000000710000000, 0x0000000710200000|  0%| F|  |TAMS 0x0000000710000000| PB 0x0000000710000000| Untracked |  0
|  88|0x0000000710200000, 0x0000000710200000, 0x0000000710400000|  0%| F|  |TAMS 0x0000000710200000| PB 0x0000000710200000| Untracked |  0
|  89|0x0000000710400000, 0x0000000710400000, 0x0000000710600000|  0%| F|  |TAMS 0x0000000710400000| PB 0x0000000710400000| Untracked |  0
|  90|0x0000000710600000, 0x0000000710600000, 0x0000000710800000|  0%| F|  |TAMS 0x0000000710600000| PB 0x0000000710600000| Untracked |  0
|  91|0x0000000710800000, 0x0000000710800000, 0x0000000710a00000|  0%| F|  |TAMS 0x0000000710800000| PB 0x0000000710800000| Untracked |  0
|  92|0x0000000710a00000, 0x0000000710a00000, 0x0000000710c00000|  0%| F|  |TAMS 0x0000000710a00000| PB 0x0000000710a00000| Untracked |  0
|  93|0x0000000710c00000, 0x0000000710c00000, 0x0000000710e00000|  0%| F|  |TAMS 0x0000000710c00000| PB 0x0000000710c00000| Untracked |  0
|  94|0x0000000710e00000, 0x0000000710e00000, 0x0000000711000000|  0%| F|  |TAMS 0x0000000710e00000| PB 0x0000000710e00000| Untracked |  0
|  95|0x0000000711000000, 0x0000000711000000, 0x0000000711200000|  0%| F|  |TAMS 0x0000000711000000| PB 0x0000000711000000| Untracked |  0
|  96|0x0000000711200000, 0x0000000711200000, 0x0000000711400000|  0%| F|  |TAMS 0x0000000711200000| PB 0x0000000711200000| Untracked |  0
|  97|0x0000000711400000, 0x0000000711400000, 0x0000000711600000|  0%| F|  |TAMS 0x0000000711400000| PB 0x0000000711400000| Untracked |  0
|  98|0x0000000711600000, 0x0000000711600000, 0x0000000711800000|  0%| F|  |TAMS 0x0000000711600000| PB 0x0000000711600000| Untracked |  0
|  99|0x0000000711800000, 0x00000007118cd530, 0x0000000711a00000| 40%| S|CS|TAMS 0x0000000711800000| PB 0x0000000711800000| Complete |  0
| 100|0x0000000711a00000, 0x0000000711c00000, 0x0000000711c00000|100%| S|CS|TAMS 0x0000000711a00000| PB 0x0000000711a00000| Complete |  0
| 101|0x0000000711c00000, 0x0000000711e00000, 0x0000000711e00000|100%| S|CS|TAMS 0x0000000711c00000| PB 0x0000000711c00000| Complete |  0
| 102|0x0000000711e00000, 0x0000000711e00000, 0x0000000712000000|  0%| F|  |TAMS 0x0000000711e00000| PB 0x0000000711e00000| Untracked |  0
| 103|0x0000000712000000, 0x0000000712000000, 0x0000000712200000|  0%| F|  |TAMS 0x0000000712000000| PB 0x0000000712000000| Untracked |  0
| 104|0x0000000712200000, 0x0000000712200000, 0x0000000712400000|  0%| F|  |TAMS 0x0000000712200000| PB 0x0000000712200000| Untracked |  0
| 105|0x0000000712400000, 0x0000000712400000, 0x0000000712600000|  0%| F|  |TAMS 0x0000000712400000| PB 0x0000000712400000| Untracked |  0
| 106|0x0000000712600000, 0x0000000712600000, 0x0000000712800000|  0%| F|  |TAMS 0x0000000712600000| PB 0x0000000712600000| Untracked |  0
| 107|0x0000000712800000, 0x0000000712800000, 0x0000000712a00000|  0%| F|  |TAMS 0x0000000712800000| PB 0x0000000712800000| Untracked |  0
| 108|0x0000000712a00000, 0x0000000712a00000, 0x0000000712c00000|  0%| F|  |TAMS 0x0000000712a00000| PB 0x0000000712a00000| Untracked |  0
| 109|0x0000000712c00000, 0x0000000712c00000, 0x0000000712e00000|  0%| F|  |TAMS 0x0000000712c00000| PB 0x0000000712c00000| Untracked |  0
| 110|0x0000000712e00000, 0x0000000712e00000, 0x0000000713000000|  0%| F|  |TAMS 0x0000000712e00000| PB 0x0000000712e00000| Untracked |  0
| 111|0x0000000713000000, 0x0000000713000000, 0x0000000713200000|  0%| F|  |TAMS 0x0000000713000000| PB 0x0000000713000000| Untracked |  0
| 112|0x0000000713200000, 0x0000000713200000, 0x0000000713400000|  0%| F|  |TAMS 0x0000000713200000| PB 0x0000000713200000| Untracked |  0
| 113|0x0000000713400000, 0x0000000713600000, 0x0000000713600000|100%| E|  |TAMS 0x0000000713400000| PB 0x0000000713400000| Complete |  0
| 114|0x0000000713600000, 0x0000000713800000, 0x0000000713800000|100%| E|CS|TAMS 0x0000000713600000| PB 0x0000000713600000| Complete |  0
| 115|0x0000000713800000, 0x0000000713a00000, 0x0000000713a00000|100%| E|CS|TAMS 0x0000000713800000| PB 0x0000000713800000| Complete |  0
| 116|0x0000000713a00000, 0x0000000713c00000, 0x0000000713c00000|100%| E|CS|TAMS 0x0000000713a00000| PB 0x0000000713a00000| Complete |  0
| 117|0x0000000713c00000, 0x0000000713e00000, 0x0000000713e00000|100%| E|CS|TAMS 0x0000000713c00000| PB 0x0000000713c00000| Complete |  0
| 118|0x0000000713e00000, 0x0000000714000000, 0x0000000714000000|100%| E|CS|TAMS 0x0000000713e00000| PB 0x0000000713e00000| Complete |  0
| 119|0x0000000714000000, 0x0000000714200000, 0x0000000714200000|100%| E|CS|TAMS 0x0000000714000000| PB 0x0000000714000000| Complete |  0
| 120|0x0000000714200000, 0x0000000714400000, 0x0000000714400000|100%| E|CS|TAMS 0x0000000714200000| PB 0x0000000714200000| Complete |  0
| 121|0x0000000714400000, 0x0000000714600000, 0x0000000714600000|100%| E|CS|TAMS 0x0000000714400000| PB 0x0000000714400000| Complete |  0
| 122|0x0000000714600000, 0x0000000714800000, 0x0000000714800000|100%| E|CS|TAMS 0x0000000714600000| PB 0x0000000714600000| Complete |  0
| 123|0x0000000714800000, 0x0000000714a00000, 0x0000000714a00000|100%| E|CS|TAMS 0x0000000714800000| PB 0x0000000714800000| Complete |  0
| 124|0x0000000714a00000, 0x0000000714c00000, 0x0000000714c00000|100%| E|CS|TAMS 0x0000000714a00000| PB 0x0000000714a00000| Complete |  0
| 125|0x0000000714c00000, 0x0000000714e00000, 0x0000000714e00000|100%| E|CS|TAMS 0x0000000714c00000| PB 0x0000000714c00000| Complete |  0
|2006|0x00000007ffe00000, 0x00000007fff1d248, 0x0000000800000000| 55%| O|  |TAMS 0x00000007ffe00000| PB 0x00000007ffe00000| Untracked |  0

Card table byte_map: [0x000001c251050000,0x000001c251830000] _byte_map_base: 0x000001c24d827000

Marking Bits: (CMBitMap*) 0x000001c2388c1d60
 Bits: [0x000001c251830000, 0x000001c2556e8000)

Polling page: 0x000001c236830000

Metaspace:

Usage:
  Non-class:     11.37 MB used.
      Class:      1.63 MB used.
       Both:     12.99 MB used.

Virtual space:
  Non-class space:       64.00 MB reserved,      11.44 MB ( 18%) committed,  1 nodes.
      Class space:        1.00 GB reserved,       1.75 MB ( <1%) committed,  1 nodes.
             Both:        1.06 GB reserved,      13.19 MB (  1%) committed. 

Chunk freelists:
   Non-Class:  3.50 MB
       Class:  14.29 MB
        Both:  17.79 MB

MaxMetaspaceSize: unlimited
CompressedClassSpaceSize: 1.00 GB
Initial GC threshold: 21.00 MB
Current GC threshold: 21.00 MB
CDS: on
 - commit_granule_bytes: 65536.
 - commit_granule_words: 8192.
 - virtual_space_node_default_size: 8388608.
 - enlarge_chunks_in_place: 1.
UseCompressedClassPointers 1, UseCompactObjectHeaders 0
Narrow klass pointer bits 32, Max shift 3
Narrow klass base: 0x000001c259000000, Narrow klass shift: 0
Encoding Range: [0x000001c259000000 - 0x000001c359000000), (4294967296 bytes)
Klass Range:    [0x000001c259000000 - 0x000001c29a000000), (1090519040 bytes)
Klass ID Range:  [8 - 1090519033) (1090519025)


Internal statistics:

num_allocs_failed_limit: 0.
num_arena_births: 148.
num_arena_deaths: 0.
num_vsnodes_births: 2.
num_vsnodes_deaths: 0.
num_space_committed: 211.
num_space_uncommitted: 0.
num_chunks_returned_to_freelist: 0.
num_chunks_taken_from_freelist: 564.
num_chunk_merges: 0.
num_chunk_splits: 414.
num_chunks_enlarged: 350.
num_inconsistent_stats: 0.

CodeHeap 'non-profiled nmethods': size=120064Kb used=801Kb max_used=801Kb free=119262Kb
 bounds [0x000001c248bc0000, 0x000001c248e30000, 0x000001c250100000]
CodeHeap 'profiled nmethods': size=120000Kb used=3715Kb max_used=3715Kb free=116285Kb
 bounds [0x000001c241100000, 0x000001c2414b0000, 0x000001c248630000]
CodeHeap 'non-nmethods': size=5696Kb used=1635Kb max_used=1668Kb free=4060Kb
 bounds [0x000001c248630000, 0x000001c2488a0000, 0x000001c248bc0000]
CodeCache: size=245760Kb, used=6151Kb, max_used=6184Kb, free=239607Kb
 total_blobs=3304, nmethods=2507, adapters=701, full_count=0
Compilation: enabled, stopped_count=0, restarted_count=0

Compilation events (20 events):
Event: 249.277 Thread 0x000001c2585a51a0 2471       4       com.sun.javafx.event.BasicEventDispatcher::dispatchCapturingEvent (2 bytes)
Event: 249.278 Thread 0x000001c2585a51a0 nmethod 2471 0x000001c248c84888 code [0x000001c248c84980, 0x000001c248c849f8]
Event: 249.307 Thread 0x000001c2585a5e50 2472       3       javafx.scene.Node::pseudoClassStateChanged (59 bytes)
Event: 249.308 Thread 0x000001c2585a5e50 nmethod 2472 0x000001c24148cd08 code [0x000001c24148ce80, 0x000001c24148d468]
Event: 249.374 Thread 0x000001c2585a51a0 2473       4       java.util.EnumMap$ValueIterator::next (50 bytes)
Event: 249.380 Thread 0x000001c2585a51a0 nmethod 2473 0x000001c248c84b88 code [0x000001c248c84ca0, 0x000001c248c84ed8]
Event: 249.380 Thread 0x000001c2585a51a0 2474       4       javafx.scene.Scene$ClickCounter::moved (52 bytes)
Event: 249.382 Thread 0x000001c2585a51a0 nmethod 2474 0x000001c248c84f88 code [0x000001c248c850e0, 0x000001c248c852a0]
Event: 249.412 Thread 0x000001c2585a51a0 2475       4       com.sun.javafx.collections.VetoableListDecorator::get (11 bytes)
Event: 249.415 Thread 0x000001c2585a51a0 nmethod 2475 0x000001c248c85388 code [0x000001c248c854a0, 0x000001c248c85648]
Event: 249.480 Thread 0x000001c2585a51a0 2476       4       com.sun.javafx.event.EventDispatchChainImpl::prepend (77 bytes)
Event: 249.488 Thread 0x000001c2585a51a0 nmethod 2476 0x000001c248c85708 code [0x000001c248c85860, 0x000001c248c86240]
Event: 249.488 Thread 0x000001c2585a51a0 2477       4       com.sun.javafx.event.EventDispatchChainImpl::ensureCapacity (89 bytes)
Event: 249.492 Thread 0x000001c2585a51a0 nmethod 2477 0x000001c248c86288 code [0x000001c248c863a0, 0x000001c248c86918]
Event: 249.492 Thread 0x000001c2585a51a0 2478       4       com.sun.javafx.scene.layout.RegionHelper::pickNodeLocalImpl (12 bytes)
Event: 249.662 Thread 0x000001c2585a5e50 2480       2       com.sun.javafx.event.EventDispatchChainImpl::prepend (77 bytes)
Event: 249.662 Thread 0x000001c2585a5e50 nmethod 2480 0x000001c24148d508 code [0x000001c24148d640, 0x000001c24148d920]
Event: 249.835 Thread 0x000001c2585a5e50 2481       3       javafx.css.StyleConverter::getInsetsConverter (4 bytes)
Event: 249.835 Thread 0x000001c2585a5e50 nmethod 2481 0x000001c24148d988 code [0x000001c24148daa0, 0x000001c24148dbe8]
Event: 249.836 Thread 0x000001c2585a5e50 2482   !   3       javafx.scene.CssStyleHelper::calculateValue (787 bytes)

GC Heap History (2 events):
Event: 2.826 GC heap before
{Heap before GC invocations=0 (full 0):
 garbage-first heap   total reserved 4110336K, committed 260096K, used 48244K [0x0000000705200000, 0x0000000800000000)
  region size 2048K, 24 young (49152K), 0 survivors (0K)
 Metaspace       used 8819K, committed 9024K, reserved 1114112K
  class space    used 1057K, committed 1152K, reserved 1048576K
}
Event: 2.841 GC heap after
{Heap after GC invocations=1 (full 0):
 garbage-first heap   total reserved 4110336K, committed 260096K, used 6057K [0x0000000705200000, 0x0000000800000000)
  region size 2048K, 3 young (6144K), 3 survivors (6144K)
 Metaspace       used 8819K, committed 9024K, reserved 1114112K
  class space    used 1057K, committed 1152K, reserved 1048576K
}

Dll operation events (20 events):
Event: 1.154 Loaded shared library C:\Users\jaisu\.openjfx\cache\21+31\amd64\api-ms-win-crt-locale-l1-1-0.dll
Event: 1.173 Loaded shared library C:\Users\jaisu\.openjfx\cache\21+31\amd64\api-ms-win-crt-math-l1-1-0.dll
Event: 1.190 Loaded shared library C:\Users\jaisu\.openjfx\cache\21+31\amd64\api-ms-win-crt-multibyte-l1-1-0.dll
Event: 1.212 Loaded shared library C:\Users\jaisu\.openjfx\cache\21+31\amd64\api-ms-win-crt-private-l1-1-0.dll
Event: 1.229 Loaded shared library C:\Users\jaisu\.openjfx\cache\21+31\amd64\api-ms-win-crt-process-l1-1-0.dll
Event: 1.243 Loaded shared library C:\Users\jaisu\.openjfx\cache\21+31\amd64\api-ms-win-crt-runtime-l1-1-0.dll
Event: 1.262 Loaded shared library C:\Users\jaisu\.openjfx\cache\21+31\amd64\api-ms-win-crt-stdio-l1-1-0.dll
Event: 1.279 Loaded shared library C:\Users\jaisu\.openjfx\cache\21+31\amd64\api-ms-win-crt-string-l1-1-0.dll
Event: 1.296 Loaded shared library C:\Users\jaisu\.openjfx\cache\21+31\amd64\api-ms-win-crt-time-l1-1-0.dll
Event: 1.309 Loaded shared library C:\Users\jaisu\.openjfx\cache\21+31\amd64\api-ms-win-crt-utility-l1-1-0.dll
Event: 1.354 Loaded shared library C:\Users\jaisu\.openjfx\cache\21+31\amd64\ucrtbase.dll
Event: 1.368 Loaded shared library C:\Users\jaisu\.openjfx\cache\21+31\amd64\vcruntime140.dll
Event: 1.383 Loaded shared library C:\Users\jaisu\.openjfx\cache\21+31\amd64\vcruntime140_1.dll
Event: 1.406 Loaded shared library C:\Users\jaisu\.openjfx\cache\21+31\amd64\msvcp140.dll
Event: 1.426 Loaded shared library C:\Users\jaisu\.openjfx\cache\21+31\amd64\msvcp140_1.dll
Event: 1.449 Loaded shared library C:\Users\jaisu\.openjfx\cache\21+31\amd64\msvcp140_2.dll
Event: 1.611 Loaded shared library C:\Users\jaisu\.openjfx\cache\21+31\amd64\prism_d3d.dll
Event: 1.813 Loaded shared library C:\Users\jaisu\.openjfx\cache\21+31\amd64\glass.dll
Event: 2.372 Loaded shared library C:\Users\jaisu\.openjfx\cache\21+31\amd64\javafx_font.dll
Event: 2.535 Loaded shared library D:\apps\java\bin\jimage.dll

Deoptimization events (20 events):
Event: 249.488 Thread 0x000001c29edd9910 Uncommon trap: trap_request=0xffffffd6 fr.pc=0x000001c248c85d84 relative=0x0000000000000524
Event: 249.488 Thread 0x000001c29edd9910 Uncommon trap: reason=array_check action=maybe_recompile pc=0x000001c248c85d84 method=com.sun.javafx.event.EventDispatchChainImpl.prepend(Ljavafx/event/EventDispatcher;)Ljavafx/event/EventDispatchChain; @ 33 c2
Event: 249.488 Thread 0x000001c29edd9910 DEOPT PACKING pc=0x000001c248c85d84 sp=0x00000067fd7fdf90
Event: 249.488 Thread 0x000001c29edd9910 DEOPT UNPACKING pc=0x000001c248746f82 sp=0x00000067fd7fdf40 mode 2
Event: 249.488 Thread 0x000001c29edd9910 Uncommon trap: trap_request=0xffffffd6 fr.pc=0x000001c248c85d84 relative=0x0000000000000524
Event: 249.488 Thread 0x000001c29edd9910 Uncommon trap: reason=array_check action=maybe_recompile pc=0x000001c248c85d84 method=com.sun.javafx.event.EventDispatchChainImpl.prepend(Ljavafx/event/EventDispatcher;)Ljavafx/event/EventDispatchChain; @ 33 c2
Event: 249.488 Thread 0x000001c29edd9910 DEOPT PACKING pc=0x000001c248c85d84 sp=0x00000067fd7fdf90
Event: 249.488 Thread 0x000001c29edd9910 DEOPT UNPACKING pc=0x000001c248746f82 sp=0x00000067fd7fdf40 mode 2
Event: 249.493 Thread 0x000001c29edd9910 Uncommon trap: trap_request=0xffffffd6 fr.pc=0x000001c248c85df4 relative=0x0000000000000594
Event: 249.493 Thread 0x000001c29edd9910 Uncommon trap: reason=array_check action=maybe_recompile pc=0x000001c248c85df4 method=com.sun.javafx.event.EventDispatchChainImpl.insertFirst(Ljavafx/event/EventDispatcher;)V @ 9 c2
Event: 249.493 Thread 0x000001c29edd9910 DEOPT PACKING pc=0x000001c248c85df4 sp=0x00000067fd7fe010
Event: 249.493 Thread 0x000001c29edd9910 DEOPT UNPACKING pc=0x000001c248746f82 sp=0x00000067fd7fdf58 mode 2
Event: 249.493 Thread 0x000001c29edd9910 Uncommon trap: trap_request=0xffffffd6 fr.pc=0x000001c248c85d84 relative=0x0000000000000524
Event: 249.493 Thread 0x000001c29edd9910 Uncommon trap: reason=array_check action=maybe_recompile pc=0x000001c248c85d84 method=com.sun.javafx.event.EventDispatchChainImpl.prepend(Ljavafx/event/EventDispatcher;)Ljavafx/event/EventDispatchChain; @ 33 c2
Event: 249.493 Thread 0x000001c29edd9910 DEOPT PACKING pc=0x000001c248c85d84 sp=0x00000067fd7fdf90
Event: 249.493 Thread 0x000001c29edd9910 DEOPT UNPACKING pc=0x000001c248746f82 sp=0x00000067fd7fdf40 mode 2
Event: 249.493 Thread 0x000001c29edd9910 Uncommon trap: trap_request=0xffffffd6 fr.pc=0x000001c248c85d84 relative=0x0000000000000524
Event: 249.493 Thread 0x000001c29edd9910 Uncommon trap: reason=array_check action=maybe_recompile pc=0x000001c248c85d84 method=com.sun.javafx.event.EventDispatchChainImpl.prepend(Ljavafx/event/EventDispatcher;)Ljavafx/event/EventDispatchChain; @ 33 c2
Event: 249.493 Thread 0x000001c29edd9910 DEOPT PACKING pc=0x000001c248c85d84 sp=0x00000067fd7fdf90
Event: 249.493 Thread 0x000001c29edd9910 DEOPT UNPACKING pc=0x000001c248746f82 sp=0x00000067fd7fdf40 mode 2

Classes loaded (20 events):
Event: 3.696 Loading class java/security/PrivilegedExceptionAction
Event: 3.696 Loading class java/security/PrivilegedExceptionAction done
Event: 3.698 Loading class java/nio/ShortBuffer
Event: 3.698 Loading class java/nio/ShortBuffer done
Event: 3.698 Loading class java/nio/DoubleBuffer
Event: 3.699 Loading class java/nio/DoubleBuffer done
Event: 3.702 Loading class java/nio/DirectFloatBufferU
Event: 3.702 Loading class java/nio/DirectFloatBufferU done
Event: 3.828 Loading class java/lang/FdLibm$Atan2
Event: 3.828 Loading class java/lang/FdLibm$Atan2 done
Event: 3.828 Loading class java/lang/FdLibm
Event: 3.828 Loading class java/lang/FdLibm done
Event: 4.798 Loading class java/util/EnumMap$Values
Event: 4.798 Loading class java/util/EnumMap$Values done
Event: 4.798 Loading class java/util/EnumMap$ValueIterator
Event: 4.798 Loading class java/util/EnumMap$EnumMapIterator
Event: 4.799 Loading class java/util/EnumMap$EnumMapIterator done
Event: 4.799 Loading class java/util/EnumMap$ValueIterator done
Event: 9.757 Loading class java/io/UnsupportedEncodingException
Event: 9.757 Loading class java/io/UnsupportedEncodingException done

Classes unloaded (0 events):
No events

Classes redefined (0 events):
No events

Internal exceptions (20 events):
Event: 2.537 Thread 0x000001c29edd9910 Exception <a 'sun/nio/fs/WindowsException'{0x0000000712665b10}> (0x0000000712665b10) 
thrown [s\open\src\hotspot\share\prims\jni.cpp, line 518]
Event: 2.656 Thread 0x000001c29edd9910 Exception <a 'sun/nio/fs/WindowsException'{0x00000007125d9470}> (0x00000007125d9470) 
thrown [s\open\src\hotspot\share\prims\jni.cpp, line 518]
Event: 2.665 Thread 0x000001c29edd9910 Implicit null exception at 0x000001c248c03b56 to 0x000001c248c03bf6
Event: 2.682 Thread 0x000001c29edd9910 Implicit null exception at 0x000001c248c1038d to 0x000001c248c105fc
Event: 2.728 Thread 0x000001c29edd9910 Implicit null exception at 0x000001c248c0fe8d to 0x000001c248c100e4
Event: 2.730 Thread 0x000001c29edd9910 Implicit null exception at 0x000001c248bdcf9d to 0x000001c248bdd019
Event: 2.908 Thread 0x000001c29edd9910 Exception <a 'java/lang/IncompatibleClassChangeError'{0x000000071483ade8}: Found class java.lang.Object, but interface was expected> (0x000000071483ade8) 
thrown [s\open\src\hotspot\share\interpreter\linkResolver.cpp, line 872]
Event: 2.987 Thread 0x000001c29edd9910 Exception <a 'java/lang/NoSuchMethodError'{0x0000000714798cd0}: 'int java.lang.invoke.DirectMethodHandle$Holder.invokeSpecial(java.lang.Object, java.lang.Object, int)'> (0x0000000714798cd0) 
thrown [s\open\src\hotspot\share\interpreter\linkResolver.cpp, line 805]
Event: 2.992 Thread 0x000001c29edd9910 Exception <a 'java/lang/NoSuchMethodError'{0x00000007147b9a48}: 'java.lang.Object java.lang.invoke.DirectMethodHandle$Holder.invokeStatic(java.lang.Object, java.lang.Object, java.lang.Object, java.lang.Object, int)'> (0x00000007147b9a48) 
thrown [s\open\src\hotspot\share\interpreter\linkResolver.cpp, line 805]
Event: 2.994 Thread 0x000001c29edd9910 Exception <a 'java/lang/NoSuchMethodError'{0x00000007147cb740}: 'int java.lang.invoke.DirectMethodHandle$Holder.invokeSpecial(java.lang.Object, java.lang.Object, java.lang.Object)'> (0x00000007147cb740) 
thrown [s\open\src\hotspot\share\interpreter\linkResolver.cpp, line 805]
Event: 3.027 Thread 0x000001c29edd9910 Exception <a 'java/lang/NoSuchMethodError'{0x00000007144b2d28}: 'java.lang.Object java.lang.invoke.DirectMethodHandle$Holder.newInvokeSpecial(java.lang.Object, java.lang.Object, int)'> (0x00000007144b2d28) 
thrown [s\open\src\hotspot\share\interpreter\linkResolver.cpp, line 805]
Event: 3.202 Thread 0x000001c29edd9910 Exception <a 'sun/nio/fs/WindowsException'{0x0000000714349938}> (0x0000000714349938) 
thrown [s\open\src\hotspot\share\prims\jni.cpp, line 518]
Event: 3.223 Thread 0x000001c29edd9910 Exception <a 'java/lang/ClassNotFoundException'{0x000000071407baa0}: com/sun/javafx/scene/control/skin/resources/controls> (0x000000071407baa0) 
thrown [s\open\src\hotspot\share\prims\jni.cpp, line 536]
Event: 3.224 Thread 0x000001c29edd9910 Exception <a 'java/lang/ClassNotFoundException'{0x0000000714088be0}: com/sun/javafx/scene/control/skin/resources/controls_en> (0x0000000714088be0) 
thrown [s\open\src\hotspot\share\prims\jni.cpp, line 536]
Event: 3.224 Thread 0x000001c29edd9910 Exception <a 'java/lang/ClassNotFoundException'{0x0000000714089780}: com/sun/javafx/scene/control/skin/resources/controls_en_IN> (0x0000000714089780) 
thrown [s\open\src\hotspot\share\prims\jni.cpp, line 536]
Event: 3.398 Thread 0x000001c25896e480 Exception <a 'java/lang/NoSuchMethodError'{0x0000000713cbf458}: 'int java.lang.invoke.DirectMethodHandle$Holder.invokeStaticInit(java.lang.Object, java.lang.Object)'> (0x0000000713cbf458) 
thrown [s\open\src\hotspot\share\interpreter\linkResolver.cpp, line 805]
Event: 9.787 Thread 0x000001c29edd9910 Exception <a 'java/lang/NoSuchMethodError'{0x00000007136a6750}: 'long java.lang.invoke.DirectMethodHandle$Holder.invokeStaticInit(java.lang.Object, java.lang.Object, java.lang.Object)'> (0x00000007136a6750) 
thrown [s\open\src\hotspot\share\interpreter\linkResolver.cpp, line 805]
Event: 9.797 Thread 0x000001c29edd9910 Exception <a 'java/lang/NoSuchMethodError'{0x00000007136f1a88}: 'java.lang.Object java.lang.invoke.DirectMethodHandle$Holder.newInvokeSpecial(java.lang.Object, java.lang.Object, long)'> (0x00000007136f1a88) 
thrown [s\open\src\hotspot\share\interpreter\linkResolver.cpp, line 805]
Event: 9.798 Thread 0x000001c29edd9910 Exception <a 'java/lang/NoSuchMethodError'{0x00000007136fa690}: 'java.lang.Object java.lang.invoke.Invokers$Holder.linkToTargetMethod(java.lang.Object, long, java.lang.Object)'> (0x00000007136fa690) 
thrown [s\open\src\hotspot\share\interpreter\linkResolver.cpp, line 805]
Event: 14.251 Thread 0x000001c29edd9910 Exception <a 'sun/nio/fs/WindowsException'{0x0000000713417cc8}> (0x0000000713417cc8) 
thrown [s\open\src\hotspot\share\prims\jni.cpp, line 518]

VM Operations (20 events):
Event: 0.319 Executing VM operation: HandshakeAllThreads (Deoptimize)
Event: 0.319 Executing VM operation: HandshakeAllThreads (Deoptimize) done
Event: 1.708 Executing VM operation: HandshakeAllThreads (Deoptimize)
Event: 1.708 Executing VM operation: HandshakeAllThreads (Deoptimize) done
Event: 2.387 Executing VM operation: HandshakeAllThreads (Deoptimize)
Event: 2.388 Executing VM operation: HandshakeAllThreads (Deoptimize) done
Event: 2.538 Executing VM operation: HandshakeAllThreads (Deoptimize)
Event: 2.538 Executing VM operation: HandshakeAllThreads (Deoptimize) done
Event: 2.826 Executing VM operation: G1CollectForAllocation (G1 Evacuation Pause)
Event: 2.841 Executing VM operation: G1CollectForAllocation (G1 Evacuation Pause) done
Event: 6.577 Executing VM operation: HandshakeAllThreads (Deoptimize)
Event: 6.577 Executing VM operation: HandshakeAllThreads (Deoptimize) done
Event: 60.051 Executing VM operation: HandshakeAllThreads (HandshakeForDeflation)
Event: 60.051 Executing VM operation: HandshakeAllThreads (HandshakeForDeflation) done
Event: 60.051 Executing VM operation: RendezvousGCThreads
Event: 60.051 Executing VM operation: RendezvousGCThreads done
Event: 120.055 Executing VM operation: HandshakeAllThreads (HandshakeForDeflation)
Event: 120.055 Executing VM operation: HandshakeAllThreads (HandshakeForDeflation) done
Event: 120.055 Executing VM operation: RendezvousGCThreads
Event: 120.055 Executing VM operation: RendezvousGCThreads done

Memory protections (0 events):
No events

Nmethod flushes (0 events):
No events

Events (20 events):
Event: 0.065 Thread 0x000001c238859aa0 Thread added: 0x000001c2585a51a0
Event: 0.065 Thread 0x000001c238859aa0 Thread added: 0x000001c2585a5e50
Event: 0.117 Thread 0x000001c238859aa0 Thread added: 0x000001c258654160
Event: 0.180 Thread 0x000001c2585a51a0 Thread added: 0x000001c2586830a0
Event: 0.197 Thread 0x000001c2585a51a0 Thread added: 0x000001c258782e00
Event: 0.389 Thread 0x000001c238859aa0 Thread added: 0x000001c2587e98c0
Event: 0.389 Thread 0x000001c238859aa0 Thread added: 0x000001c29e70be60
Event: 0.634 Thread 0x000001c258782e00 Thread exited: 0x000001c258782e00
Event: 0.652 Thread 0x000001c2586830a0 Thread exited: 0x000001c2586830a0
Event: 1.487 Thread 0x000001c238859aa0 Thread added: 0x000001c25896e480
Event: 1.817 Thread 0x000001c238859aa0 Thread added: 0x000001c29edd91d0
Event: 1.823 Thread 0x000001c238859aa0 Thread added: 0x000001c29edd9910
Event: 2.039 Thread 0x000001c29f6e4d00 Thread added: 0x000001c29f6e4d00
Event: 2.090 Thread 0x000001c238859aa0 Thread added: 0x000001c29f6e9b30
Event: 2.418 Thread 0x000001c2585a5e50 Thread added: 0x000001c2a8f73ad0
Event: 2.894 Thread 0x000001c29edd9910 Thread added: 0x000001c29f795000
Event: 3.173 Thread 0x000001c2a8f73ad0 Thread exited: 0x000001c2a8f73ad0
Event: 3.445 Thread 0x000001c25896e480 Thread added: 0x000001c29f794160
Event: 9.816 Thread 0x000001c2585a51a0 Thread added: 0x000001c29e9446a0
Event: 10.103 Thread 0x000001c29e9446a0 Thread exited: 0x000001c29e9446a0


Dynamic libraries:
0x00007ff7a1080000 - 0x00007ff7a1090000 	D:\apps\java\bin\java.exe
0x00007ffce0f40000 - 0x00007ffce11a7000 	C:\WINDOWS\SYSTEM32\ntdll.dll
0x00007ffcded80000 - 0x00007ffcdee49000 	C:\WINDOWS\System32\KERNEL32.DLL
0x00007ffcde2a0000 - 0x00007ffcde68f000 	C:\WINDOWS\System32\KERNELBASE.dll
0x00007ffcde810000 - 0x00007ffcde95b000 	C:\WINDOWS\System32\ucrtbase.dll
0x00007ffca8e70000 - 0x00007ffca8e8b000 	D:\apps\java\bin\VCRUNTIME140.dll
0x00007ffcb0bd0000 - 0x00007ffcb0be6000 	D:\apps\java\bin\jli.dll
0x00007ffcdfb80000 - 0x00007ffcdfd45000 	C:\WINDOWS\System32\USER32.dll
0x00007ffcde090000 - 0x00007ffcde0b7000 	C:\WINDOWS\System32\win32u.dll
0x00007ffcbaaf0000 - 0x00007ffcbad83000 	C:\WINDOWS\WinSxS\amd64_microsoft.windows.common-controls_6595b64144ccf1df_6.0.26100.7309_none_3e05feeae336a044\COMCTL32.dll
0x00007ffce0aa0000 - 0x00007ffce0acb000 	C:\WINDOWS\System32\GDI32.dll
0x00007ffce09f0000 - 0x00007ffce0a99000 	C:\WINDOWS\System32\msvcrt.dll
0x00007ffcde0c0000 - 0x00007ffcde1ec000 	C:\WINDOWS\System32\gdi32full.dll
0x00007ffcde1f0000 - 0x00007ffcde293000 	C:\WINDOWS\System32\msvcp_win.dll
0x00007ffce0b00000 - 0x00007ffce0b31000 	C:\WINDOWS\System32\IMM32.DLL
0x00007ffcb3d70000 - 0x00007ffcb3d7c000 	D:\apps\java\bin\vcruntime140_1.dll
0x00007ffc92ce0000 - 0x00007ffc92d6e000 	D:\apps\java\bin\msvcp140.dll
0x00007ffc501d0000 - 0x00007ffc50f71000 	D:\apps\java\bin\server\jvm.dll
0x00007ffce0860000 - 0x00007ffce0914000 	C:\WINDOWS\System32\ADVAPI32.dll
0x00007ffce0b40000 - 0x00007ffce0be6000 	C:\WINDOWS\System32\sechost.dll
0x00007ffce0d70000 - 0x00007ffce0e88000 	C:\WINDOWS\System32\RPCRT4.dll
0x00007ffcdf7c0000 - 0x00007ffcdf834000 	C:\WINDOWS\System32\WS2_32.dll
0x00007ffcddf10000 - 0x00007ffcddf6e000 	C:\WINDOWS\SYSTEM32\POWRPROF.dll
0x00007ffcc6b30000 - 0x00007ffcc6b3b000 	C:\WINDOWS\SYSTEM32\VERSION.dll
0x00007ffcda8b0000 - 0x00007ffcda8e5000 	C:\WINDOWS\SYSTEM32\WINMM.dll
0x00007ffcddef0000 - 0x00007ffcddf04000 	C:\WINDOWS\SYSTEM32\UMPDC.dll
0x00007ffcdce40000 - 0x00007ffcdce5b000 	C:\WINDOWS\SYSTEM32\kernel.appcore.dll
0x00007ffcb1170000 - 0x00007ffcb117a000 	D:\apps\java\bin\jimage.dll
0x00007ffcdb680000 - 0x00007ffcdb8c2000 	C:\WINDOWS\SYSTEM32\DBGHELP.DLL
0x00007ffcdee50000 - 0x00007ffcdf1d5000 	C:\WINDOWS\System32\combase.dll
0x00007ffcdf870000 - 0x00007ffcdf946000 	C:\WINDOWS\System32\OLEAUT32.dll
0x00007ffcb7d10000 - 0x00007ffcb7d4c000 	C:\WINDOWS\SYSTEM32\dbgcore.DLL
0x00007ffcde760000 - 0x00007ffcde805000 	C:\WINDOWS\System32\bcryptPrimitives.dll
0x00007ffcda640000 - 0x00007ffcda64f000 	D:\apps\java\bin\instrument.dll
0x00007ffcb5340000 - 0x00007ffcb535e000 	D:\apps\java\bin\java.dll
0x00007ffcdf9e0000 - 0x00007ffcdfb77000 	C:\WINDOWS\System32\ole32.dll
0x00007ffcdfdb0000 - 0x00007ffce0503000 	C:\WINDOWS\System32\SHELL32.dll
0x00007ffcdeb70000 - 0x00007ffcdecda000 	C:\WINDOWS\System32\wintypes.dll
0x00007ffcdbc70000 - 0x00007ffcdc4ce000 	C:\WINDOWS\SYSTEM32\windows.storage.dll
0x00007ffce0c70000 - 0x00007ffce0d65000 	C:\WINDOWS\System32\SHCORE.dll
0x00007ffce0e90000 - 0x00007ffce0ef6000 	C:\WINDOWS\System32\shlwapi.dll
0x00007ffcddfb0000 - 0x00007ffcddfd9000 	C:\WINDOWS\SYSTEM32\profapi.dll
0x00007ffc57070000 - 0x00007ffc57147000 	D:\apps\java\bin\jsvml.dll
0x00007ffca8dc0000 - 0x00007ffca8dd0000 	D:\apps\java\bin\net.dll
0x00007ffcdd3b0000 - 0x00007ffcdd41b000 	C:\WINDOWS\system32\mswsock.dll
0x00007ffca5320000 - 0x00007ffca5336000 	D:\apps\java\bin\nio.dll
0x00007ffc9c290000 - 0x00007ffc9c2a7000 	D:\apps\java\bin\zip.dll
0x000001c2387b0000 - 0x000001c2387b3000 	C:\Users\jaisu\.openjfx\cache\21+31\amd64\api-ms-win-core-console-l1-1-0.dll
0x000001c2387c0000 - 0x000001c2387c3000 	C:\Users\jaisu\.openjfx\cache\21+31\amd64\api-ms-win-core-console-l1-2-0.dll
0x000001c2387d0000 - 0x000001c2387d3000 	C:\Users\jaisu\.openjfx\cache\21+31\amd64\api-ms-win-core-datetime-l1-1-0.dll
0x000001c2387e0000 - 0x000001c2387e3000 	C:\Users\jaisu\.openjfx\cache\21+31\amd64\api-ms-win-core-debug-l1-1-0.dll
0x000001c2387f0000 - 0x000001c2387f3000 	C:\Users\jaisu\.openjfx\cache\21+31\amd64\api-ms-win-core-errorhandling-l1-1-0.dll
0x000001c238800000 - 0x000001c238804000 	C:\Users\jaisu\.openjfx\cache\21+31\amd64\api-ms-win-core-file-l1-1-0.dll
0x000001c238810000 - 0x000001c238813000 	C:\Users\jaisu\.openjfx\cache\21+31\amd64\api-ms-win-core-file-l1-2-0.dll
0x000001c258970000 - 0x000001c258973000 	C:\Users\jaisu\.openjfx\cache\21+31\amd64\api-ms-win-core-file-l2-1-0.dll
0x000001c258980000 - 0x000001c258983000 	C:\Users\jaisu\.openjfx\cache\21+31\amd64\api-ms-win-core-handle-l1-1-0.dll
0x000001c258990000 - 0x000001c258993000 	C:\Users\jaisu\.openjfx\cache\21+31\amd64\api-ms-win-core-heap-l1-1-0.dll
0x000001c2589a0000 - 0x000001c2589a3000 	C:\Users\jaisu\.openjfx\cache\21+31\amd64\api-ms-win-core-interlocked-l1-1-0.dll
0x000001c2589b0000 - 0x000001c2589b3000 	C:\Users\jaisu\.openjfx\cache\21+31\amd64\api-ms-win-core-libraryloader-l1-1-0.dll
0x000001c2589c0000 - 0x000001c2589c3000 	C:\Users\jaisu\.openjfx\cache\21+31\amd64\api-ms-win-core-localization-l1-2-0.dll
0x000001c2589d0000 - 0x000001c2589d3000 	C:\Users\jaisu\.openjfx\cache\21+31\amd64\api-ms-win-core-memory-l1-1-0.dll
0x000001c2589e0000 - 0x000001c2589e3000 	C:\Users\jaisu\.openjfx\cache\21+31\amd64\api-ms-win-core-namedpipe-l1-1-0.dll
0x000001c2589f0000 - 0x000001c2589f3000 	C:\Users\jaisu\.openjfx\cache\21+31\amd64\api-ms-win-core-processenvironment-l1-1-0.dll
0x000001c258a00000 - 0x000001c258a03000 	C:\Users\jaisu\.openjfx\cache\21+31\amd64\api-ms-win-core-processthreads-l1-1-0.dll
0x000001c258a10000 - 0x000001c258a13000 	C:\Users\jaisu\.openjfx\cache\21+31\amd64\api-ms-win-core-processthreads-l1-1-1.dll
0x000001c258a20000 - 0x000001c258a23000 	C:\Users\jaisu\.openjfx\cache\21+31\amd64\api-ms-win-core-profile-l1-1-0.dll
0x000001c258a30000 - 0x000001c258a33000 	C:\Users\jaisu\.openjfx\cache\21+31\amd64\api-ms-win-core-rtlsupport-l1-1-0.dll
0x000001c258a40000 - 0x000001c258a43000 	C:\Users\jaisu\.openjfx\cache\21+31\amd64\api-ms-win-core-string-l1-1-0.dll
0x000001c258a50000 - 0x000001c258a53000 	C:\Users\jaisu\.openjfx\cache\21+31\amd64\api-ms-win-core-synch-l1-1-0.dll
0x000001c258a60000 - 0x000001c258a63000 	C:\Users\jaisu\.openjfx\cache\21+31\amd64\api-ms-win-core-synch-l1-2-0.dll
0x000001c258a70000 - 0x000001c258a73000 	C:\Users\jaisu\.openjfx\cache\21+31\amd64\api-ms-win-core-sysinfo-l1-1-0.dll
0x000001c258a80000 - 0x000001c258a83000 	C:\Users\jaisu\.openjfx\cache\21+31\amd64\api-ms-win-core-timezone-l1-1-0.dll
0x000001c258a90000 - 0x000001c258a93000 	C:\Users\jaisu\.openjfx\cache\21+31\amd64\api-ms-win-core-util-l1-1-0.dll
0x000001c258aa0000 - 0x000001c258aa3000 	C:\Users\jaisu\.openjfx\cache\21+31\amd64\api-ms-win-crt-conio-l1-1-0.dll
0x000001c258ab0000 - 0x000001c258ab4000 	C:\Users\jaisu\.openjfx\cache\21+31\amd64\api-ms-win-crt-convert-l1-1-0.dll
0x000001c258ac0000 - 0x000001c258ac3000 	C:\Users\jaisu\.openjfx\cache\21+31\amd64\api-ms-win-crt-environment-l1-1-0.dll
0x000001c258ad0000 - 0x000001c258ad3000 	C:\Users\jaisu\.openjfx\cache\21+31\amd64\api-ms-win-crt-filesystem-l1-1-0.dll
0x000001c258ae0000 - 0x000001c258ae3000 	C:\Users\jaisu\.openjfx\cache\21+31\amd64\api-ms-win-crt-heap-l1-1-0.dll
0x000001c258af0000 - 0x000001c258af3000 	C:\Users\jaisu\.openjfx\cache\21+31\amd64\api-ms-win-crt-locale-l1-1-0.dll
0x000001c258b00000 - 0x000001c258b05000 	C:\Users\jaisu\.openjfx\cache\21+31\amd64\api-ms-win-crt-math-l1-1-0.dll
0x000001c258b10000 - 0x000001c258b15000 	C:\Users\jaisu\.openjfx\cache\21+31\amd64\api-ms-win-crt-multibyte-l1-1-0.dll
0x000001c258b20000 - 0x000001c258b30000 	C:\Users\jaisu\.openjfx\cache\21+31\amd64\api-ms-win-crt-private-l1-1-0.dll
0x000001c258b30000 - 0x000001c258b33000 	C:\Users\jaisu\.openjfx\cache\21+31\amd64\api-ms-win-crt-process-l1-1-0.dll
0x000001c258b40000 - 0x000001c258b44000 	C:\Users\jaisu\.openjfx\cache\21+31\amd64\api-ms-win-crt-runtime-l1-1-0.dll
0x000001c258b50000 - 0x000001c258b54000 	C:\Users\jaisu\.openjfx\cache\21+31\amd64\api-ms-win-crt-stdio-l1-1-0.dll
0x000001c258b60000 - 0x000001c258b64000 	C:\Users\jaisu\.openjfx\cache\21+31\amd64\api-ms-win-crt-string-l1-1-0.dll
0x000001c258b70000 - 0x000001c258b73000 	C:\Users\jaisu\.openjfx\cache\21+31\amd64\api-ms-win-crt-time-l1-1-0.dll
0x000001c258b80000 - 0x000001c258b83000 	C:\Users\jaisu\.openjfx\cache\21+31\amd64\api-ms-win-crt-utility-l1-1-0.dll
0x00007ffc57ee0000 - 0x00007ffc57fdc000 	C:\Users\jaisu\.openjfx\cache\21+31\amd64\ucrtbase.dll
0x00007ffc9a510000 - 0x00007ffc9a52b000 	C:\Users\jaisu\.openjfx\cache\21+31\amd64\vcruntime140.dll
0x00007ffcbe980000 - 0x00007ffcbe98c000 	C:\Users\jaisu\.openjfx\cache\21+31\amd64\vcruntime140_1.dll
0x00007ffc879e0000 - 0x00007ffc87a6e000 	C:\Users\jaisu\.openjfx\cache\21+31\amd64\msvcp140.dll
0x00007ffca8db0000 - 0x00007ffca8db9000 	C:\Users\jaisu\.openjfx\cache\21+31\amd64\msvcp140_1.dll
0x00007ffc93080000 - 0x00007ffc930af000 	C:\Users\jaisu\.openjfx\cache\21+31\amd64\msvcp140_2.dll
0x00007ffc92e20000 - 0x00007ffc92e4f000 	C:\Users\jaisu\.openjfx\cache\21+31\amd64\prism_d3d.dll
0x00007ffc4c300000 - 0x00007ffc4c4b3000 	C:\WINDOWS\system32\d3d9.dll
0x00007ffcdb060000 - 0x00007ffcdb090000 	C:\WINDOWS\SYSTEM32\dwmapi.dll
0x00007ffcdb0a0000 - 0x00007ffcdb0e4000 	C:\WINDOWS\SYSTEM32\dxcore.dll
0x00007ffcdadd0000 - 0x00007ffcdae7b000 	C:\WINDOWS\system32\uxtheme.dll
0x00007ffc5d6d0000 - 0x00007ffc5ef23000 	C:\WINDOWS\System32\DriverStore\FileRepository\iigd_dch.inf_amd64_93ded255a9136074\igd9trinity64.dll
0x00007ffcdaf00000 - 0x00007ffcdb03b000 	C:\WINDOWS\system32\dxgi.dll
0x00007ffccd090000 - 0x00007ffccd4ce000 	C:\WINDOWS\System32\DriverStore\FileRepository\iigd_dch.inf_amd64_93ded255a9136074\igdgmm64.dll
0x00007ffcc8e40000 - 0x00007ffccce82000 	C:\WINDOWS\System32\DriverStore\FileRepository\iigd_dch.inf_amd64_93ded255a9136074\igc64.dll
0x00007ffca5f10000 - 0x00007ffca5f5d000 	C:\WINDOWS\SYSTEM32\ControlLib.dll
0x00007ffcddc00000 - 0x00007ffcddc57000 	C:\WINDOWS\SYSTEM32\CFGMGR32.dll
0x00007ffccd730000 - 0x00007ffccd7c3000 	C:\WINDOWS\System32\DriverStore\FileRepository\iigd_dch.inf_amd64_93ded255a9136074\IntelControlLib.dll
0x00007ffcd7e90000 - 0x00007ffcd7ef3000 	C:\WINDOWS\SYSTEM32\directxdatabasehelper.dll
0x00007ffc85900000 - 0x00007ffc85a40000 	C:\WINDOWS\System32\DriverStore\FileRepository\iigd_dch.inf_amd64_93ded255a9136074\igvkMedia64.dll
0x00007ffc6e4c0000 - 0x00007ffc6f868000 	C:\WINDOWS\System32\DriverStore\FileRepository\iigd_dch.inf_amd64_93ded255a9136074\igddxvacommon64.dll
0x00007ffc6c790000 - 0x00007ffc6e4bb000 	C:\WINDOWS\System32\DriverStore\FileRepository\iigd_dch.inf_amd64_93ded255a9136074\media_bin_64.dll
0x00007ffc5c180000 - 0x00007ffc5d6c9000 	C:\WINDOWS\System32\DriverStore\FileRepository\iigd_dch.inf_amd64_93ded255a9136074\igd9dxva64.dll
0x00007ffcdf1e0000 - 0x00007ffcdf66a000 	C:\WINDOWS\System32\SETUPAPI.dll
0x00007ffc87450000 - 0x00007ffc87492000 	C:\Users\jaisu\.openjfx\cache\21+31\amd64\glass.dll
0x00007ffcdf670000 - 0x00007ffcdf760000 	C:\WINDOWS\System32\COMDLG32.dll
0x00007ffce06f0000 - 0x00007ffce084e000 	C:\WINDOWS\System32\MSCTF.dll
0x00007ffc729e0000 - 0x00007ffc72d34000 	C:\WINDOWS\System32\DriverStore\FileRepository\iigd_dch.inf_amd64_93ded255a9136074\igdml64.dll
0x00007ffca43f0000 - 0x00007ffca4417000 	C:\WINDOWS\System32\DriverStore\FileRepository\iigd_dch.inf_amd64_93ded255a9136074\igdinfo64.dll
0x00007ffc99d80000 - 0x00007ffc99d94000 	C:\Users\jaisu\.openjfx\cache\21+31\amd64\javafx_font.dll
0x00007ffcd8f10000 - 0x00007ffcd9177000 	C:\WINDOWS\SYSTEM32\dwrite.dll
0x00007ffce0920000 - 0x00007ffce09d0000 	C:\WINDOWS\System32\clbcatq.dll
0x00007ffcd8cd0000 - 0x00007ffcd8f00000 	C:\WINDOWS\SYSTEM32\WindowsCodecs.dll
0x00007ffc99da0000 - 0x00007ffc99dfa000 	C:\WINDOWS\system32\dataexchange.dll
0x00007ffcc8b20000 - 0x00007ffcc8d64000 	C:\WINDOWS\system32\twinapi.appcore.dll
0x00007ffc92ae0000 - 0x00007ffc92b0c000 	C:\Program Files\Common Files\Microsoft Shared\Ink\rtscom.dll
0x00007ffcbd510000 - 0x00007ffcbd658000 	C:\WINDOWS\SYSTEM32\textinputframework.dll
0x00007ffcda2d0000 - 0x00007ffcda3f7000 	C:\WINDOWS\SYSTEM32\CoreMessaging.dll
0x00007ffcd05c0000 - 0x00007ffcd08a2000 	C:\WINDOWS\SYSTEM32\CoreUIComponents.dll
0x00007ffcdd690000 - 0x00007ffcdd69c000 	C:\WINDOWS\SYSTEM32\CRYPTBASE.DLL

JVMTI agents:
D:\apps\IntelliJ IDEAc\IntelliJ IDEA Community Edition 2025.2.2\lib\idea_rt.jar path:D:\apps\java\bin\instrument.dll, loaded, initialized, instrumentlib options:58214

dbghelp: loaded successfully - version: 4.0.5 - missing functions: none
symbol engine: initialized successfully - sym options: 0x614 - pdb path: .;D:\apps\java\bin;C:\WINDOWS\SYSTEM32;C:\WINDOWS\WinSxS\amd64_microsoft.windows.common-controls_6595b64144ccf1df_6.0.26100.7309_none_3e05feeae336a044;D:\apps\java\bin\server;C:\Users\jaisu\.openjfx\cache\21+31\amd64;C:\WINDOWS\System32\DriverStore\FileRepository\iigd_dch.inf_amd64_93ded255a9136074;C:\Program Files\Common Files\Microsoft Shared\Ink

VM Arguments:
jvm_args: -javaagent:D:\apps\IntelliJ IDEAc\IntelliJ IDEA Community Edition 2025.2.2\lib\idea_rt.jar=58214 -Dfile.encoding=UTF-8 -Dsun.stdout.encoding=UTF-8 -Dsun.stderr.encoding=UTF-8 --module-path=C:\Users\jaisu\.m2\repository\com\google\code\gson\gson\2.10.1\gson-2.10.1.jar;C:\Users\jaisu\.m2\repository\org\openjfx\javafx-fxml\21\javafx-fxml-21-win.jar;C:\Users\jaisu\.m2\repository\org\openjfx\javafx-controls\21\javafx-controls-21-win.jar;C:\Users\jaisu\.m2\repository\org\openjfx\javafx-base\21\javafx-base-21-win.jar;C:\Users\jaisu\.m2\repository\org\openjfx\javafx-graphics\21\javafx-graphics-21-win.jar;C:\Users\jaisu\Desktop\daa\netgame\target\classes -Djdk.module.main=com.netgame.netgame 
java_command: com.netgame.netgame/com.nets.NetsGame
java_class_path (initial): C:\Users\jaisu\.m2\repository\org\openjfx\javafx-controls\21\javafx-controls-21.jar;C:\Users\jaisu\.m2\repository\org\openjfx\javafx-graphics\21\javafx-graphics-21.jar;C:\Users\jaisu\.m2\repository\org\openjfx\javafx-base\21\javafx-base-21.jar;C:\Users\jaisu\.m2\repository\org\openjfx\javafx-fxml\21\javafx-fxml-21.jar
Launcher Type: SUN_STANDARD

[Global flags]
     intx CICompilerCount                          = 4                                         {product} {ergonomic}
     uint ConcGCThreads                            = 3                                         {product} {ergonomic}
     uint G1ConcRefinementThreads                  = 11                                        {product} {ergonomic}
   size_t G1HeapRegionSize                         = 2097152                                   {product} {ergonomic}
   size_t InitialHeapSize                          = 264241152                                 {product} {ergonomic}
   size_t MarkStackSize                            = 4194304                                   {product} {ergonomic}
   size_t MarkStackSizeMax                         = 536870912                                 {product} {ergonomic}
   size_t MaxHeapSize                              = 4208984064                                {product} {ergonomic}
   size_t MaxNewSize                               = 2524971008                                {product} {ergonomic}
   size_t MinHeapDeltaBytes                        = 2097152                                   {product} {ergonomic}
   size_t MinHeapSize                              = 8388608                                   {product} {ergonomic}
    uintx NonNMethodCodeHeapSize                   = 5832704                                {pd product} {ergonomic}
    uintx NonProfiledCodeHeapSize                  = 122945536                              {pd product} {ergonomic}
    uintx ProfiledCodeHeapSize                     = 122880000                              {pd product} {ergonomic}
    uintx ReservedCodeCacheSize                    = 251658240                              {pd product} {ergonomic}
     bool SegmentedCodeCache                       = true                                      {product} {ergonomic}
   size_t SoftMaxHeapSize                          = 4208984064                             {manageable} {ergonomic}
     bool UseCompressedOops                        = true                           {product lp64_product} {ergonomic}
     bool UseG1GC                                  = true                                      {product} {ergonomic}
     bool UseLargePagesIndividualAllocation        = false                                  {pd product} {ergonomic}

Logging:
Log output configuration:
 #0: stdout all=warning uptime,level,tags foldmultilines=false
 #1: stderr all=off uptime,level,tags foldmultilines=false

Environment Variables:
PATH=C:\Program Files\Common Files\Oracle\Java\javapath;C:\WINDOWS\system32;C:\WINDOWS;C:\WINDOWS\System32\Wbem;C:\WINDOWS\System32\WindowsPowerShell\v1.0\;C:\WINDOWS\System32\OpenSSH\;D:\apps\codeblocks\compiler\bin;D:\apps\matlab\bin;D:\apps\git\Git\cmd;D:\apps\java\maven\apache-maven-3.9.11-bin\apache-maven-3.9.11\bin;D:\apps\java\bin;D:\apps\java;D:\apps\node\;C:\Program Files\MySQL\MySQL Server 8.0\bin;C:\Program Files\MySQL\MySQL Shell 8.0\bin\;C:\Users\jaisu\AppData\Local\Microsoft\WindowsApps;D:\apps\VS Code\Microsoft VS Code\bin;C:\Users\jaisu\AppData\Local\Microsoft\WinGet\Packages\DefangLabs.Defang_Microsoft.Winget.Source_8wekyb3d8bbwe;C:\Users\jaisu\AppData\Roaming\npm;D:\apps\node;D:\apps\ghci\bin;;D:\apps\ghci\bin\ghcup\bin;D:\apps\ghci\ghcup\bin
USERNAME=jaisu
OS=Windows_NT
PROCESSOR_IDENTIFIER=Intel64 Family 6 Model 170 Stepping 4, GenuineIntel
TMP=C:\Users\jaisu\AppData\Local\Temp
TEMP=C:\Users\jaisu\AppData\Local\Temp




Periodic native trim disabled

---------------  S Y S T E M  ---------------

OS:
 Windows 11 , 64 bit Build 26100 (10.0.26100.7309)
OS uptime: 0 days 13:07 hours
Hyper-V role detected

CPU: total 14 (initial active 14) (7 cores per cpu, 2 threads per core) family 6 model 170 stepping 4 microcode 0x1c, cx8, cmov, fxsr, ht, mmx, 3dnowpref, sse, sse2, sse3, ssse3, sse4.1, sse4.2, popcnt, lzcnt, tsc, tscinvbit, avx, avx2, aes, erms, clmul, bmi1, bmi2, adx, sha, fma, vzeroupper, clflush, clflushopt, clwb, hv, serialize, rdtscp, rdpid, fsrm, gfni, f16c, cet_ibt, cet_ss
Processor Information for processor 0
  Max Mhz: 1300, Current Mhz: 1300, Mhz Limit: 1300
Processor Information for processor 1
  Max Mhz: 1300, Current Mhz: 1300, Mhz Limit: 1300
Processor Information for processor 2
  Max Mhz: 3600, Current Mhz: 800, Mhz Limit: 792
Processor Information for processor 3
  Max Mhz: 3600, Current Mhz: 800, Mhz Limit: 792
Processor Information for processor 4
  Max Mhz: 3600, Current Mhz: 800, Mhz Limit: 792
Processor Information for processor 5
  Max Mhz: 3600, Current Mhz: 800, Mhz Limit: 792
Processor Information for processor 6
  Max Mhz: 3600, Current Mhz: 800, Mhz Limit: 792
Processor Information for processor 7
  Max Mhz: 3600, Current Mhz: 800, Mhz Limit: 792
Processor Information for processor 8
  Max Mhz: 3600, Current Mhz: 800, Mhz Limit: 792
Processor Information for processor 9
  Max Mhz: 3600, Current Mhz: 800, Mhz Limit: 792
Processor Information for processor 10
  Max Mhz: 1300, Current Mhz: 1300, Mhz Limit: 1300
Processor Information for processor 11
  Max Mhz: 1300, Current Mhz: 1300, Mhz Limit: 1300
Processor Information for processor 12
  Max Mhz: 2100, Current Mhz: 700, Mhz Limit: 693
Processor Information for processor 13
  Max Mhz: 2100, Current Mhz: 700, Mhz Limit: 693

Memory: 4k page, system-wide physical 16049M (3596M free)
TotalPageFile size 16049M (AvailPageFile size 12M)
current process WorkingSet (physical memory assigned to process): 590M, peak: 590M
current process commit charge ("private bytes"): 861M, peak: 861M

vm_info: Java HotSpot(TM) 64-Bit Server VM (24.0.2+12-54) for windows-amd64 JRE (24.0.2+12-54), built on 2025-07-08T12:10:27Z with MS VC++ 17.6 (VS2022)

END.
