#
# There is insufficient memory for the Java Runtime Environment to continue.
# Native memory allocation (malloc) failed to allocate 5873104 bytes. Error detail: Chunk::new
# Possible reasons:
#   The system is out of physical RAM or swap space
#   This process is running with CompressedOops enabled, and the Java Heap may be blocking the growth of the native heap
# Possible solutions:
#   Reduce memory load on the system
#   Increase physical memory or swap space
#   Check if swap backing store is full
#   Decrease Java heap size (-Xmx/-Xms)
#   Decrease number of Java threads
#   Decrease Java thread stack sizes (-Xss)
#   Set larger code cache with -XX:ReservedCodeCacheSize=
#   JVM is running with Unscaled Compressed Oops mode in which the Java heap is
#     placed in the first 4GB address space. The Java Heap base address is the
#     maximum limit for the native heap growth. Please use -XX:HeapBaseMinAddress
#     to set the Java Heap base and to place the Java Heap above 4GB virtual address.
# This output file may be truncated or incomplete.
#
#  Out of Memory Error (arena.cpp:162), pid=12676, tid=15616
#
# JRE version: Java(TM) SE Runtime Environment (24.0.2+12) (build 24.0.2+12-54)
# Java VM: Java HotSpot(TM) 64-Bit Server VM (24.0.2+12-54, mixed mode, sharing, tiered, compressed oops, compressed class ptrs, g1 gc, windows-amd64)
# No core dump will be written. Minidumps are not enabled by default on client versions of Windows
#

---------------  S U M M A R Y ------------

Command Line: -Xmx128m --module-path=target\classes;C:\Users\jaisu\.m2\repository\org\openjfx\javafx-controls\21\javafx-controls-21.jar;C:\Users\jaisu\.m2\repository\org\openjfx\javafx-controls\21\javafx-controls-21-win.jar;C:\Users\jaisu\.m2\repository\org\openjfx\javafx-graphics\21\javafx-graphics-21.jar;C:\Users\jaisu\.m2\repository\org\openjfx\javafx-graphics\21\javafx-graphics-21-win.jar;C:\Users\jaisu\.m2\repository\org\openjfx\javafx-base\21\javafx-base-21.jar;C:\Users\jaisu\.m2\repository\org\openjfx\javafx-base\21\javafx-base-21-win.jar;C:\Users\jaisu\.m2\repository\org\openjfx\javafx-fxml\21\javafx-fxml-21.jar;C:\Users\jaisu\.m2\repository\org\openjfx\javafx-fxml\21\javafx-fxml-21-win.jar;C:\Users\jaisu\.m2\repository\com\google\code\gson\gson\2.10.1\gson-2.10.1.jar --add-modules=javafx.controls,javafx.fxml -Djdk.module.main=com.nets com.nets/com.nets.NetsGame

Host: Intel(R) Core(TM) Ultra 5 125U, 14 cores, 15G,  Windows 11 , 64 bit Build 26100 (10.0.26100.7309)
Time: Tue Dec 23 19:17:49 2025 India Standard Time elapsed time: 2.069364 seconds (0d 0h 0m 2s)

---------------  T H R E A D  ---------------

Current thread (0x0000018bb87dfb10):  JavaThread "C2 CompilerThread1" daemon [_thread_in_native, id=15616, stack(0x00000067ad400000,0x00000067ad500000) (1024K)]


Current CompileTask:
C2:2069 1883       4       jdk.internal.classfile.impl.StackMapGenerator::processBlock (2767 bytes)

Stack: [0x00000067ad400000,0x00000067ad500000]
Native frames: (J=compiled Java code, j=interpreted, Vv=VM code, C=native code)
V  [jvm.dll+0x730829]  (no source info available)
V  [jvm.dll+0x8d9da3]  (no source info available)
V  [jvm.dll+0x8dc28d]  (no source info available)
V  [jvm.dll+0x8dc903]  (no source info available)
V  [jvm.dll+0x2a9f56]  (no source info available)
V  [jvm.dll+0xced7f]  (no source info available)
V  [jvm.dll+0xcefdf]  (no source info available)
V  [jvm.dll+0x154c83]  (no source info available)
V  [jvm.dll+0x73604f]  (no source info available)
V  [jvm.dll+0x26f8dc]  (no source info available)
V  [jvm.dll+0x26e8ff]  (no source info available)
V  [jvm.dll+0x1e9c90]  (no source info available)
V  [jvm.dll+0x27e0cb]  (no source info available)
V  [jvm.dll+0x27c36a]  (no source info available)
V  [jvm.dll+0x42f396]  (no source info available)
V  [jvm.dll+0x87d9eb]  (no source info available)
V  [jvm.dll+0x72ef45]  (no source info available)
C  [ucrtbase.dll+0x37b0]  (no source info available)
C  [KERNEL32.DLL+0x2e8d7]  (no source info available)
C  [ntdll.dll+0x8c53c]  (no source info available)

Lock stack of current Java thread (top to bottom):


---------------  P R O C E S S  ---------------

Threads class SMR info:
_java_thread_list=0x0000018b89b12650, length=19, elements={
0x0000018b9b373f90, 0x0000018bb85eb830, 0x0000018bb85ebf70, 0x0000018bb85f3a30,
0x0000018bb85f6180, 0x0000018bb85f7d00, 0x0000018bb85f8440, 0x0000018bb85fd5f0,
0x0000018bb8606530, 0x0000018bb86bf190, 0x0000018bb87dfb10, 0x0000018bb8901620,
0x0000018bb87d4950, 0x0000018bfe96c2b0, 0x0000018bfecb1a80, 0x0000018bfeca54a0,
0x0000018bff49d590, 0x0000018bff546e60, 0x0000018bff79d970
}

Java Threads: ( => current thread )
  0x0000018b9b373f90 JavaThread "main"                              [_thread_blocked, id=7312, stack(0x00000067ac300000,0x00000067ac400000) (1024K)]
  0x0000018bb85eb830 JavaThread "Reference Handler"          daemon [_thread_blocked, id=252, stack(0x00000067acb00000,0x00000067acc00000) (1024K)]
  0x0000018bb85ebf70 JavaThread "Finalizer"                  daemon [_thread_blocked, id=4432, stack(0x00000067acc00000,0x00000067acd00000) (1024K)]
  0x0000018bb85f3a30 JavaThread "Signal Dispatcher"          daemon [_thread_blocked, id=7860, stack(0x00000067acd00000,0x00000067ace00000) (1024K)]
  0x0000018bb85f6180 JavaThread "Attach Listener"            daemon [_thread_blocked, id=5332, stack(0x00000067ace00000,0x00000067acf00000) (1024K)]
  0x0000018bb85f7d00 JavaThread "Service Thread"             daemon [_thread_blocked, id=2424, stack(0x00000067acf00000,0x00000067ad000000) (1024K)]
  0x0000018bb85f8440 JavaThread "Monitor Deflation Thread"   daemon [_thread_blocked, id=23196, stack(0x00000067ad000000,0x00000067ad100000) (1024K)]
  0x0000018bb85fd5f0 JavaThread "C2 CompilerThread0"         daemon [_thread_blocked, id=18508, stack(0x00000067ad100000,0x00000067ad200000) (1024K)]
  0x0000018bb8606530 JavaThread "C1 CompilerThread0"         daemon [_thread_blocked, id=4428, stack(0x00000067ad200000,0x00000067ad300000) (1024K)]
  0x0000018bb86bf190 JavaThread "Common-Cleaner"             daemon [_thread_blocked, id=19380, stack(0x00000067ad300000,0x00000067ad400000) (1024K)]
=>0x0000018bb87dfb10 JavaThread "C2 CompilerThread1"         daemon [_thread_in_native, id=15616, stack(0x00000067ad400000,0x00000067ad500000) (1024K)]
  0x0000018bb8901620 JavaThread "C2 CompilerThread2"         daemon [_thread_in_native, id=11464, stack(0x00000067ad500000,0x00000067ad600000) (1024K)]
  0x0000018bb87d4950 JavaThread "Notification Thread"        daemon [_thread_blocked, id=19268, stack(0x00000067ad600000,0x00000067ad700000) (1024K)]
  0x0000018bfe96c2b0 JavaThread "QuantumRenderer-0"          daemon [_thread_in_native, id=19632, stack(0x00000067ad700000,0x00000067ad800000) (1024K)]
  0x0000018bfecb1a80 JavaThread "InvokeLaterDispatcher"      daemon [_thread_blocked, id=19556, stack(0x00000067ad800000,0x00000067ad900000) (1024K)]
  0x0000018bfeca54a0 JavaThread "JavaFX Application Thread"         [_thread_in_native, id=18492, stack(0x00000067ad900000,0x00000067ada00000) (1024K)]
  0x0000018bff49d590 JavaThread "Thread-1"                   daemon [_thread_in_native, id=17472, stack(0x00000067aef00000,0x00000067af000000) (1024K)]
  0x0000018bff546e60 JavaThread "JavaFX-Launcher"                   [_thread_blocked, id=3372, stack(0x00000067af000000,0x00000067af100000) (1024K)]
  0x0000018bff79d970 JavaThread "Prism Font Disposer"        daemon [_thread_blocked, id=11668, stack(0x00000067af900000,0x00000067afa00000) (1024K)]
Total: 19

Other Threads:
  0x0000018bb85d9870 VMThread "VM Thread"                           [id=10208, stack(0x00000067aca00000,0x00000067acb00000) (1024K)]
  0x0000018bb84a6d30 WatcherThread "VM Periodic Task Thread"        [id=12456, stack(0x00000067ac900000,0x00000067aca00000) (1024K)]
  0x0000018b9d8fd060 WorkerThread "GC Thread#0"                     [id=3232, stack(0x00000067ac400000,0x00000067ac500000) (1024K)]
  0x0000018bff648310 WorkerThread "GC Thread#1"                     [id=17384, stack(0x00000067af400000,0x00000067af500000) (1024K)]
  0x0000018bff6486c0 WorkerThread "GC Thread#2"                     [id=18784, stack(0x00000067af500000,0x00000067af600000) (1024K)]
  0x0000018bff648a70 WorkerThread "GC Thread#3"                     [id=12908, stack(0x00000067af600000,0x00000067af700000) (1024K)]
  0x0000018bff648e20 WorkerThread "GC Thread#4"                     [id=11880, stack(0x00000067af700000,0x00000067af800000) (1024K)]
  0x0000018bff6491d0 WorkerThread "GC Thread#5"                     [id=9712, stack(0x00000067af800000,0x00000067af900000) (1024K)]
  0x0000018b9d8ff3c0 ConcurrentGCThread "G1 Main Marker"            [id=11216, stack(0x00000067ac500000,0x00000067ac600000) (1024K)]
  0x0000018b9d9009f0 WorkerThread "G1 Conc#0"                       [id=21740, stack(0x00000067ac600000,0x00000067ac700000) (1024K)]
  0x0000018b9d9961e0 ConcurrentGCThread "G1 Refine#0"               [id=13708, stack(0x00000067ac700000,0x00000067ac800000) (1024K)]
  0x0000018bb84a1c20 ConcurrentGCThread "G1 Service"                [id=20576, stack(0x00000067ac800000,0x00000067ac900000) (1024K)]
Total: 12

Threads with active compile tasks:
C2 CompilerThread1  3126 1883       4       jdk.internal.classfile.impl.StackMapGenerator::processBlock (2767 bytes)
C2 CompilerThread2  3126 1892   !   4       java.util.zip.InflaterInputStream::read (129 bytes)
Total: 2

VM state: not at safepoint (normal execution)

VM Mutex/Monitor currently owned by a thread: None

Heap address: 0x00000000f8000000, size: 128 MB, Compressed Oops mode: 32-bit

CDS archive(s) mapped at: [0x0000018bb9000000-0x0000018bb9d40000-0x0000018bb9d40000), size 13893632, SharedBaseAddress: 0x0000018bb9000000, ArchiveRelocationMode: 1.
Compressed class space mapped at: 0x0000018bba000000-0x0000018bfa000000, reserved size: 1073741824
UseCompressedClassPointers 1, UseCompactObjectHeaders 0
Narrow klass pointer bits 32, Max shift 3
Narrow klass base: 0x0000018bb9000000, Narrow klass shift: 0
Encoding Range: [0x0000018bb9000000 - 0x0000018cb9000000), (4294967296 bytes)
Klass Range:    [0x0000018bb9000000 - 0x0000018bfa000000), (1090519040 bytes)
Klass ID Range:  [8 - 1090519033) (1090519025)

GC Precious Log:
 CardTable entry size: 512
 Card Set container configuration: InlinePtr #cards 5 size 8 Array Of Cards #cards 10 size 36 Howl #buckets 4 coarsen threshold 1843 Howl Bitmap #cards 512 size 80 coarsen threshold 460 Card regions per heap region 1 cards per card region 2048
 CPUs: 14 total, 14 available
 Memory: 16049M
 Large Page Support: Disabled
 NUMA Support: Disabled
 Compressed Oops: Enabled (32-bit)
 Heap Region Size: 1M
 Heap Min Capacity: 8M
 Heap Initial Capacity: 128M
 Heap Max Capacity: 128M
 Pre-touch: Disabled
 Parallel Workers: 11
 Concurrent Workers: 3
 Concurrent Refinement Workers: 11
 Periodic GC: Disabled

Heap:
 garbage-first heap   total reserved 131072K, committed 131072K, used 27999K [0x00000000f8000000, 0x0000000100000000)
  region size 1024K, 28 young (28672K), 5 survivors (5120K)
 Metaspace       used 12825K, committed 13056K, reserved 1114112K
  class space    used 1894K, committed 1984K, reserved 1048576K

Heap Regions: E=young(eden), S=young(survivor), O=old, HS=humongous(starts), HC=humongous(continues), CS=collection set, F=free, TAMS=top-at-mark-start, PB=parsable bottom
|   0|0x00000000f8000000, 0x00000000f8000000, 0x00000000f8100000|  0%| F|  |TAMS 0x00000000f8000000| PB 0x00000000f8000000| Untracked |  0
|   1|0x00000000f8100000, 0x00000000f8100000, 0x00000000f8200000|  0%| F|  |TAMS 0x00000000f8100000| PB 0x00000000f8100000| Untracked |  0
|   2|0x00000000f8200000, 0x00000000f8200000, 0x00000000f8300000|  0%| F|  |TAMS 0x00000000f8200000| PB 0x00000000f8200000| Untracked |  0
|   3|0x00000000f8300000, 0x00000000f8300000, 0x00000000f8400000|  0%| F|  |TAMS 0x00000000f8300000| PB 0x00000000f8300000| Untracked |  0
|   4|0x00000000f8400000, 0x00000000f8400000, 0x00000000f8500000|  0%| F|  |TAMS 0x00000000f8400000| PB 0x00000000f8400000| Untracked |  0
|   5|0x00000000f8500000, 0x00000000f8500000, 0x00000000f8600000|  0%| F|  |TAMS 0x00000000f8500000| PB 0x00000000f8500000| Untracked |  0
|   6|0x00000000f8600000, 0x00000000f8600000, 0x00000000f8700000|  0%| F|  |TAMS 0x00000000f8600000| PB 0x00000000f8600000| Untracked |  0
|   7|0x00000000f8700000, 0x00000000f8700000, 0x00000000f8800000|  0%| F|  |TAMS 0x00000000f8700000| PB 0x00000000f8700000| Untracked |  0
|   8|0x00000000f8800000, 0x00000000f8800000, 0x00000000f8900000|  0%| F|  |TAMS 0x00000000f8800000| PB 0x00000000f8800000| Untracked |  0
|   9|0x00000000f8900000, 0x00000000f8900000, 0x00000000f8a00000|  0%| F|  |TAMS 0x00000000f8900000| PB 0x00000000f8900000| Untracked |  0
|  10|0x00000000f8a00000, 0x00000000f8a00000, 0x00000000f8b00000|  0%| F|  |TAMS 0x00000000f8a00000| PB 0x00000000f8a00000| Untracked |  0
|  11|0x00000000f8b00000, 0x00000000f8b00000, 0x00000000f8c00000|  0%| F|  |TAMS 0x00000000f8b00000| PB 0x00000000f8b00000| Untracked |  0
|  12|0x00000000f8c00000, 0x00000000f8c00000, 0x00000000f8d00000|  0%| F|  |TAMS 0x00000000f8c00000| PB 0x00000000f8c00000| Untracked |  0
|  13|0x00000000f8d00000, 0x00000000f8d00000, 0x00000000f8e00000|  0%| F|  |TAMS 0x00000000f8d00000| PB 0x00000000f8d00000| Untracked |  0
|  14|0x00000000f8e00000, 0x00000000f8e00000, 0x00000000f8f00000|  0%| F|  |TAMS 0x00000000f8e00000| PB 0x00000000f8e00000| Untracked |  0
|  15|0x00000000f8f00000, 0x00000000f8f00000, 0x00000000f9000000|  0%| F|  |TAMS 0x00000000f8f00000| PB 0x00000000f8f00000| Untracked |  0
|  16|0x00000000f9000000, 0x00000000f9000000, 0x00000000f9100000|  0%| F|  |TAMS 0x00000000f9000000| PB 0x00000000f9000000| Untracked |  0
|  17|0x00000000f9100000, 0x00000000f9100000, 0x00000000f9200000|  0%| F|  |TAMS 0x00000000f9100000| PB 0x00000000f9100000| Untracked |  0
|  18|0x00000000f9200000, 0x00000000f9200000, 0x00000000f9300000|  0%| F|  |TAMS 0x00000000f9200000| PB 0x00000000f9200000| Untracked |  0
|  19|0x00000000f9300000, 0x00000000f9300000, 0x00000000f9400000|  0%| F|  |TAMS 0x00000000f9300000| PB 0x00000000f9300000| Untracked |  0
|  20|0x00000000f9400000, 0x00000000f9400000, 0x00000000f9500000|  0%| F|  |TAMS 0x00000000f9400000| PB 0x00000000f9400000| Untracked |  0
|  21|0x00000000f9500000, 0x00000000f9500000, 0x00000000f9600000|  0%| F|  |TAMS 0x00000000f9500000| PB 0x00000000f9500000| Untracked |  0
|  22|0x00000000f9600000, 0x00000000f9600000, 0x00000000f9700000|  0%| F|  |TAMS 0x00000000f9600000| PB 0x00000000f9600000| Untracked |  0
|  23|0x00000000f9700000, 0x00000000f9700000, 0x00000000f9800000|  0%| F|  |TAMS 0x00000000f9700000| PB 0x00000000f9700000| Untracked |  0
|  24|0x00000000f9800000, 0x00000000f9800000, 0x00000000f9900000|  0%| F|  |TAMS 0x00000000f9800000| PB 0x00000000f9800000| Untracked |  0
|  25|0x00000000f9900000, 0x00000000f9900000, 0x00000000f9a00000|  0%| F|  |TAMS 0x00000000f9900000| PB 0x00000000f9900000| Untracked |  0
|  26|0x00000000f9a00000, 0x00000000f9a00000, 0x00000000f9b00000|  0%| F|  |TAMS 0x00000000f9a00000| PB 0x00000000f9a00000| Untracked |  0
|  27|0x00000000f9b00000, 0x00000000f9b00000, 0x00000000f9c00000|  0%| F|  |TAMS 0x00000000f9b00000| PB 0x00000000f9b00000| Untracked |  0
|  28|0x00000000f9c00000, 0x00000000f9c00000, 0x00000000f9d00000|  0%| F|  |TAMS 0x00000000f9c00000| PB 0x00000000f9c00000| Untracked |  0
|  29|0x00000000f9d00000, 0x00000000f9d00000, 0x00000000f9e00000|  0%| F|  |TAMS 0x00000000f9d00000| PB 0x00000000f9d00000| Untracked |  0
|  30|0x00000000f9e00000, 0x00000000f9e00000, 0x00000000f9f00000|  0%| F|  |TAMS 0x00000000f9e00000| PB 0x00000000f9e00000| Untracked |  0
|  31|0x00000000f9f00000, 0x00000000f9f00000, 0x00000000fa000000|  0%| F|  |TAMS 0x00000000f9f00000| PB 0x00000000f9f00000| Untracked |  0
|  32|0x00000000fa000000, 0x00000000fa000000, 0x00000000fa100000|  0%| F|  |TAMS 0x00000000fa000000| PB 0x00000000fa000000| Untracked |  0
|  33|0x00000000fa100000, 0x00000000fa100000, 0x00000000fa200000|  0%| F|  |TAMS 0x00000000fa100000| PB 0x00000000fa100000| Untracked |  0
|  34|0x00000000fa200000, 0x00000000fa200000, 0x00000000fa300000|  0%| F|  |TAMS 0x00000000fa200000| PB 0x00000000fa200000| Untracked |  0
|  35|0x00000000fa300000, 0x00000000fa300000, 0x00000000fa400000|  0%| F|  |TAMS 0x00000000fa300000| PB 0x00000000fa300000| Untracked |  0
|  36|0x00000000fa400000, 0x00000000fa400000, 0x00000000fa500000|  0%| F|  |TAMS 0x00000000fa400000| PB 0x00000000fa400000| Untracked |  0
|  37|0x00000000fa500000, 0x00000000fa500000, 0x00000000fa600000|  0%| F|  |TAMS 0x00000000fa500000| PB 0x00000000fa500000| Untracked |  0
|  38|0x00000000fa600000, 0x00000000fa600000, 0x00000000fa700000|  0%| F|  |TAMS 0x00000000fa600000| PB 0x00000000fa600000| Untracked |  0
|  39|0x00000000fa700000, 0x00000000fa700000, 0x00000000fa800000|  0%| F|  |TAMS 0x00000000fa700000| PB 0x00000000fa700000| Untracked |  0
|  40|0x00000000fa800000, 0x00000000fa800000, 0x00000000fa900000|  0%| F|  |TAMS 0x00000000fa800000| PB 0x00000000fa800000| Untracked |  0
|  41|0x00000000fa900000, 0x00000000fa900000, 0x00000000faa00000|  0%| F|  |TAMS 0x00000000fa900000| PB 0x00000000fa900000| Untracked |  0
|  42|0x00000000faa00000, 0x00000000faa00000, 0x00000000fab00000|  0%| F|  |TAMS 0x00000000faa00000| PB 0x00000000faa00000| Untracked |  0
|  43|0x00000000fab00000, 0x00000000fab00000, 0x00000000fac00000|  0%| F|  |TAMS 0x00000000fab00000| PB 0x00000000fab00000| Untracked |  0
|  44|0x00000000fac00000, 0x00000000fac00000, 0x00000000fad00000|  0%| F|  |TAMS 0x00000000fac00000| PB 0x00000000fac00000| Untracked |  0
|  45|0x00000000fad00000, 0x00000000fad00000, 0x00000000fae00000|  0%| F|  |TAMS 0x00000000fad00000| PB 0x00000000fad00000| Untracked |  0
|  46|0x00000000fae00000, 0x00000000fae00000, 0x00000000faf00000|  0%| F|  |TAMS 0x00000000fae00000| PB 0x00000000fae00000| Untracked |  0
|  47|0x00000000faf00000, 0x00000000faf00000, 0x00000000fb000000|  0%| F|  |TAMS 0x00000000faf00000| PB 0x00000000faf00000| Untracked |  0
|  48|0x00000000fb000000, 0x00000000fb000000, 0x00000000fb100000|  0%| F|  |TAMS 0x00000000fb000000| PB 0x00000000fb000000| Untracked |  0
|  49|0x00000000fb100000, 0x00000000fb100000, 0x00000000fb200000|  0%| F|  |TAMS 0x00000000fb100000| PB 0x00000000fb100000| Untracked |  0
|  50|0x00000000fb200000, 0x00000000fb200000, 0x00000000fb300000|  0%| F|  |TAMS 0x00000000fb200000| PB 0x00000000fb200000| Untracked |  0
|  51|0x00000000fb300000, 0x00000000fb300000, 0x00000000fb400000|  0%| F|  |TAMS 0x00000000fb300000| PB 0x00000000fb300000| Untracked |  0
|  52|0x00000000fb400000, 0x00000000fb400000, 0x00000000fb500000|  0%| F|  |TAMS 0x00000000fb400000| PB 0x00000000fb400000| Untracked |  0
|  53|0x00000000fb500000, 0x00000000fb500000, 0x00000000fb600000|  0%| F|  |TAMS 0x00000000fb500000| PB 0x00000000fb500000| Untracked |  0
|  54|0x00000000fb600000, 0x00000000fb600000, 0x00000000fb700000|  0%| F|  |TAMS 0x00000000fb600000| PB 0x00000000fb600000| Untracked |  0
|  55|0x00000000fb700000, 0x00000000fb700000, 0x00000000fb800000|  0%| F|  |TAMS 0x00000000fb700000| PB 0x00000000fb700000| Untracked |  0
|  56|0x00000000fb800000, 0x00000000fb800000, 0x00000000fb900000|  0%| F|  |TAMS 0x00000000fb800000| PB 0x00000000fb800000| Untracked |  0
|  57|0x00000000fb900000, 0x00000000fb900000, 0x00000000fba00000|  0%| F|  |TAMS 0x00000000fb900000| PB 0x00000000fb900000| Untracked |  0
|  58|0x00000000fba00000, 0x00000000fba00000, 0x00000000fbb00000|  0%| F|  |TAMS 0x00000000fba00000| PB 0x00000000fba00000| Untracked |  0
|  59|0x00000000fbb00000, 0x00000000fbb00000, 0x00000000fbc00000|  0%| F|  |TAMS 0x00000000fbb00000| PB 0x00000000fbb00000| Untracked |  0
|  60|0x00000000fbc00000, 0x00000000fbc00000, 0x00000000fbd00000|  0%| F|  |TAMS 0x00000000fbc00000| PB 0x00000000fbc00000| Untracked |  0
|  61|0x00000000fbd00000, 0x00000000fbd00000, 0x00000000fbe00000|  0%| F|  |TAMS 0x00000000fbd00000| PB 0x00000000fbd00000| Untracked |  0
|  62|0x00000000fbe00000, 0x00000000fbe00000, 0x00000000fbf00000|  0%| F|  |TAMS 0x00000000fbe00000| PB 0x00000000fbe00000| Untracked |  0
|  63|0x00000000fbf00000, 0x00000000fbf00000, 0x00000000fc000000|  0%| F|  |TAMS 0x00000000fbf00000| PB 0x00000000fbf00000| Untracked |  0
|  64|0x00000000fc000000, 0x00000000fc000000, 0x00000000fc100000|  0%| F|  |TAMS 0x00000000fc000000| PB 0x00000000fc000000| Untracked |  0
|  65|0x00000000fc100000, 0x00000000fc100000, 0x00000000fc200000|  0%| F|  |TAMS 0x00000000fc100000| PB 0x00000000fc100000| Untracked |  0
|  66|0x00000000fc200000, 0x00000000fc200000, 0x00000000fc300000|  0%| F|  |TAMS 0x00000000fc200000| PB 0x00000000fc200000| Untracked |  0
|  67|0x00000000fc300000, 0x00000000fc300000, 0x00000000fc400000|  0%| F|  |TAMS 0x00000000fc300000| PB 0x00000000fc300000| Untracked |  0
|  68|0x00000000fc400000, 0x00000000fc400000, 0x00000000fc500000|  0%| F|  |TAMS 0x00000000fc400000| PB 0x00000000fc400000| Untracked |  0
|  69|0x00000000fc500000, 0x00000000fc500000, 0x00000000fc600000|  0%| F|  |TAMS 0x00000000fc500000| PB 0x00000000fc500000| Untracked |  0
|  70|0x00000000fc600000, 0x00000000fc600000, 0x00000000fc700000|  0%| F|  |TAMS 0x00000000fc600000| PB 0x00000000fc600000| Untracked |  0
|  71|0x00000000fc700000, 0x00000000fc700000, 0x00000000fc800000|  0%| F|  |TAMS 0x00000000fc700000| PB 0x00000000fc700000| Untracked |  0
|  72|0x00000000fc800000, 0x00000000fc800000, 0x00000000fc900000|  0%| F|  |TAMS 0x00000000fc800000| PB 0x00000000fc800000| Untracked |  0
|  73|0x00000000fc900000, 0x00000000fc900000, 0x00000000fca00000|  0%| F|  |TAMS 0x00000000fc900000| PB 0x00000000fc900000| Untracked |  0
|  74|0x00000000fca00000, 0x00000000fca3aaa0, 0x00000000fcb00000| 22%| S|CS|TAMS 0x00000000fca00000| PB 0x00000000fca00000| Complete |  0
|  75|0x00000000fcb00000, 0x00000000fcc00000, 0x00000000fcc00000|100%| S|CS|TAMS 0x00000000fcb00000| PB 0x00000000fcb00000| Complete |  0
|  76|0x00000000fcc00000, 0x00000000fcd00000, 0x00000000fcd00000|100%| S|CS|TAMS 0x00000000fcc00000| PB 0x00000000fcc00000| Complete |  0
|  77|0x00000000fcd00000, 0x00000000fce00000, 0x00000000fce00000|100%| S|CS|TAMS 0x00000000fcd00000| PB 0x00000000fcd00000| Complete |  0
|  78|0x00000000fce00000, 0x00000000fcf00000, 0x00000000fcf00000|100%| S|CS|TAMS 0x00000000fce00000| PB 0x00000000fce00000| Complete |  0
|  79|0x00000000fcf00000, 0x00000000fcf00000, 0x00000000fd000000|  0%| F|  |TAMS 0x00000000fcf00000| PB 0x00000000fcf00000| Untracked |  0
|  80|0x00000000fd000000, 0x00000000fd000000, 0x00000000fd100000|  0%| F|  |TAMS 0x00000000fd000000| PB 0x00000000fd000000| Untracked |  0
|  81|0x00000000fd100000, 0x00000000fd100000, 0x00000000fd200000|  0%| F|  |TAMS 0x00000000fd100000| PB 0x00000000fd100000| Untracked |  0
|  82|0x00000000fd200000, 0x00000000fd200000, 0x00000000fd300000|  0%| F|  |TAMS 0x00000000fd200000| PB 0x00000000fd200000| Untracked |  0
|  83|0x00000000fd300000, 0x00000000fd300000, 0x00000000fd400000|  0%| F|  |TAMS 0x00000000fd300000| PB 0x00000000fd300000| Untracked |  0
|  84|0x00000000fd400000, 0x00000000fd400000, 0x00000000fd500000|  0%| F|  |TAMS 0x00000000fd400000| PB 0x00000000fd400000| Untracked |  0
|  85|0x00000000fd500000, 0x00000000fd500000, 0x00000000fd600000|  0%| F|  |TAMS 0x00000000fd500000| PB 0x00000000fd500000| Untracked |  0
|  86|0x00000000fd600000, 0x00000000fd600000, 0x00000000fd700000|  0%| F|  |TAMS 0x00000000fd600000| PB 0x00000000fd600000| Untracked |  0
|  87|0x00000000fd700000, 0x00000000fd700000, 0x00000000fd800000|  0%| F|  |TAMS 0x00000000fd700000| PB 0x00000000fd700000| Untracked |  0
|  88|0x00000000fd800000, 0x00000000fd800000, 0x00000000fd900000|  0%| F|  |TAMS 0x00000000fd800000| PB 0x00000000fd800000| Untracked |  0
|  89|0x00000000fd900000, 0x00000000fd900000, 0x00000000fda00000|  0%| F|  |TAMS 0x00000000fd900000| PB 0x00000000fd900000| Untracked |  0
|  90|0x00000000fda00000, 0x00000000fda00000, 0x00000000fdb00000|  0%| F|  |TAMS 0x00000000fda00000| PB 0x00000000fda00000| Untracked |  0
|  91|0x00000000fdb00000, 0x00000000fdb00000, 0x00000000fdc00000|  0%| F|  |TAMS 0x00000000fdb00000| PB 0x00000000fdb00000| Untracked |  0
|  92|0x00000000fdc00000, 0x00000000fdc00000, 0x00000000fdd00000|  0%| F|  |TAMS 0x00000000fdc00000| PB 0x00000000fdc00000| Untracked |  0
|  93|0x00000000fdd00000, 0x00000000fdd00000, 0x00000000fde00000|  0%| F|  |TAMS 0x00000000fdd00000| PB 0x00000000fdd00000| Untracked |  0
|  94|0x00000000fde00000, 0x00000000fde00000, 0x00000000fdf00000|  0%| F|  |TAMS 0x00000000fde00000| PB 0x00000000fde00000| Untracked |  0
|  95|0x00000000fdf00000, 0x00000000fdf00000, 0x00000000fe000000|  0%| F|  |TAMS 0x00000000fdf00000| PB 0x00000000fdf00000| Untracked |  0
|  96|0x00000000fe000000, 0x00000000fe000000, 0x00000000fe100000|  0%| F|  |TAMS 0x00000000fe000000| PB 0x00000000fe000000| Untracked |  0
|  97|0x00000000fe100000, 0x00000000fe100000, 0x00000000fe200000|  0%| F|  |TAMS 0x00000000fe100000| PB 0x00000000fe100000| Untracked |  0
|  98|0x00000000fe200000, 0x00000000fe200000, 0x00000000fe300000|  0%| F|  |TAMS 0x00000000fe200000| PB 0x00000000fe200000| Untracked |  0
|  99|0x00000000fe300000, 0x00000000fe300000, 0x00000000fe400000|  0%| F|  |TAMS 0x00000000fe300000| PB 0x00000000fe300000| Untracked |  0
| 100|0x00000000fe400000, 0x00000000fe400000, 0x00000000fe500000|  0%| F|  |TAMS 0x00000000fe400000| PB 0x00000000fe400000| Untracked |  0
| 101|0x00000000fe500000, 0x00000000fe500000, 0x00000000fe600000|  0%| F|  |TAMS 0x00000000fe500000| PB 0x00000000fe500000| Untracked |  0
| 102|0x00000000fe600000, 0x00000000fe600000, 0x00000000fe700000|  0%| F|  |TAMS 0x00000000fe600000| PB 0x00000000fe600000| Untracked |  0
| 103|0x00000000fe700000, 0x00000000fe7c8cd8, 0x00000000fe800000| 78%| E|  |TAMS 0x00000000fe700000| PB 0x00000000fe700000| Complete |  0
| 104|0x00000000fe800000, 0x00000000fe900000, 0x00000000fe900000|100%| E|CS|TAMS 0x00000000fe800000| PB 0x00000000fe800000| Complete |  0
| 105|0x00000000fe900000, 0x00000000fea00000, 0x00000000fea00000|100%| E|CS|TAMS 0x00000000fe900000| PB 0x00000000fe900000| Complete |  0
| 106|0x00000000fea00000, 0x00000000feb00000, 0x00000000feb00000|100%| E|CS|TAMS 0x00000000fea00000| PB 0x00000000fea00000| Complete |  0
| 107|0x00000000feb00000, 0x00000000fec00000, 0x00000000fec00000|100%| E|CS|TAMS 0x00000000feb00000| PB 0x00000000feb00000| Complete |  0
| 108|0x00000000fec00000, 0x00000000fed00000, 0x00000000fed00000|100%| E|CS|TAMS 0x00000000fec00000| PB 0x00000000fec00000| Complete |  0
| 109|0x00000000fed00000, 0x00000000fee00000, 0x00000000fee00000|100%| E|CS|TAMS 0x00000000fed00000| PB 0x00000000fed00000| Complete |  0
| 110|0x00000000fee00000, 0x00000000fef00000, 0x00000000fef00000|100%| E|CS|TAMS 0x00000000fee00000| PB 0x00000000fee00000| Complete |  0
| 111|0x00000000fef00000, 0x00000000ff000000, 0x00000000ff000000|100%| E|CS|TAMS 0x00000000fef00000| PB 0x00000000fef00000| Complete |  0
| 112|0x00000000ff000000, 0x00000000ff100000, 0x00000000ff100000|100%| E|CS|TAMS 0x00000000ff000000| PB 0x00000000ff000000| Complete |  0
| 113|0x00000000ff100000, 0x00000000ff200000, 0x00000000ff200000|100%| E|CS|TAMS 0x00000000ff100000| PB 0x00000000ff100000| Complete |  0
| 114|0x00000000ff200000, 0x00000000ff300000, 0x00000000ff300000|100%| E|CS|TAMS 0x00000000ff200000| PB 0x00000000ff200000| Complete |  0
| 115|0x00000000ff300000, 0x00000000ff400000, 0x00000000ff400000|100%| E|CS|TAMS 0x00000000ff300000| PB 0x00000000ff300000| Complete |  0
| 116|0x00000000ff400000, 0x00000000ff500000, 0x00000000ff500000|100%| E|CS|TAMS 0x00000000ff400000| PB 0x00000000ff400000| Complete |  0
| 117|0x00000000ff500000, 0x00000000ff600000, 0x00000000ff600000|100%| E|CS|TAMS 0x00000000ff500000| PB 0x00000000ff500000| Complete |  0
| 118|0x00000000ff600000, 0x00000000ff700000, 0x00000000ff700000|100%| E|CS|TAMS 0x00000000ff600000| PB 0x00000000ff600000| Complete |  0
| 119|0x00000000ff700000, 0x00000000ff800000, 0x00000000ff800000|100%| E|CS|TAMS 0x00000000ff700000| PB 0x00000000ff700000| Complete |  0
| 120|0x00000000ff800000, 0x00000000ff900000, 0x00000000ff900000|100%| E|CS|TAMS 0x00000000ff800000| PB 0x00000000ff800000| Complete |  0
| 121|0x00000000ff900000, 0x00000000ffa00000, 0x00000000ffa00000|100%| E|CS|TAMS 0x00000000ff900000| PB 0x00000000ff900000| Complete |  0
| 122|0x00000000ffa00000, 0x00000000ffb00000, 0x00000000ffb00000|100%| E|CS|TAMS 0x00000000ffa00000| PB 0x00000000ffa00000| Complete |  0
| 123|0x00000000ffb00000, 0x00000000ffc00000, 0x00000000ffc00000|100%| E|CS|TAMS 0x00000000ffb00000| PB 0x00000000ffb00000| Complete |  0
| 124|0x00000000ffc00000, 0x00000000ffd00000, 0x00000000ffd00000|100%| E|CS|TAMS 0x00000000ffc00000| PB 0x00000000ffc00000| Complete |  0
| 125|0x00000000ffd00000, 0x00000000ffe00000, 0x00000000ffe00000|100%| E|CS|TAMS 0x00000000ffd00000| PB 0x00000000ffd00000| Complete |  0
| 126|0x00000000ffe00000, 0x00000000fff00000, 0x00000000fff00000|100%| O|  |TAMS 0x00000000ffe00000| PB 0x00000000ffe00000| Untracked |  0
| 127|0x00000000fff00000, 0x00000000fff1d248, 0x0000000100000000| 11%| O|  |TAMS 0x00000000fff00000| PB 0x00000000fff00000| Untracked |  0

Card table byte_map: [0x0000018b9d7f0000,0x0000018b9d830000] _byte_map_base: 0x0000018b9d030000

Marking Bits: (CMBitMap*) 0x0000018b9d8fd680
 Bits: [0x0000018bb56d0000, 0x0000018bb58d0000)

Polling page: 0x0000018b9b660000

Metaspace:

Usage:
  Non-class:     10.68 MB used.
      Class:      1.85 MB used.
       Both:     12.53 MB used.

Virtual space:
  Non-class space:       64.00 MB reserved,      10.81 MB ( 17%) committed,  1 nodes.
      Class space:        1.00 GB reserved,       1.94 MB ( <1%) committed,  1 nodes.
             Both:        1.06 GB reserved,      12.75 MB (  1%) committed. 

Chunk freelists:
   Non-Class:  3.97 MB
       Class:  14.06 MB
        Both:  18.03 MB

MaxMetaspaceSize: unlimited
CompressedClassSpaceSize: 1.00 GB
Initial GC threshold: 21.00 MB
Current GC threshold: 21.00 MB
CDS: on
 - commit_granule_bytes: 65536.
 - commit_granule_words: 8192.
 - virtual_space_node_default_size: 8388608.
 - enlarge_chunks_in_place: 1.
UseCompressedClassPointers 1, UseCompactObjectHeaders 0
Narrow klass pointer bits 32, Max shift 3
Narrow klass base: 0x0000018bb9000000, Narrow klass shift: 0
Encoding Range: [0x0000018bb9000000 - 0x0000018cb9000000), (4294967296 bytes)
Klass Range:    [0x0000018bb9000000 - 0x0000018bfa000000), (1090519040 bytes)
Klass ID Range:  [8 - 1090519033) (1090519025)


Internal statistics:

num_allocs_failed_limit: 0.
num_arena_births: 132.
num_arena_deaths: 0.
num_vsnodes_births: 2.
num_vsnodes_deaths: 0.
num_space_committed: 204.
num_space_uncommitted: 0.
num_chunks_returned_to_freelist: 0.
num_chunks_taken_from_freelist: 534.
num_chunk_merges: 0.
num_chunk_splits: 398.
num_chunks_enlarged: 335.
num_inconsistent_stats: 0.

CodeHeap 'non-profiled nmethods': size=120064Kb used=612Kb max_used=612Kb free=119451Kb
 bounds [0x0000018badc40000, 0x0000018badeb0000, 0x0000018bb5180000]
CodeHeap 'profiled nmethods': size=120000Kb used=2934Kb max_used=2934Kb free=117065Kb
 bounds [0x0000018ba6180000, 0x0000018ba6460000, 0x0000018bad6b0000]
CodeHeap 'non-nmethods': size=5696Kb used=1590Kb max_used=1590Kb free=4105Kb
 bounds [0x0000018bad6b0000, 0x0000018bad920000, 0x0000018badc40000]
CodeCache: size=245760Kb, used=5136Kb, max_used=5136Kb, free=240621Kb
 total_blobs=2635, nmethods=1892, adapters=646, full_count=0
Compilation: enabled, stopped_count=0, restarted_count=0

Compilation events (20 events):
Event: 1.038 Thread 0x0000018bb87dfb10 1882       4       java.util.zip.Inflater::ensureOpen (47 bytes)
Event: 1.038 Thread 0x0000018bb87dfb10 nmethod 1882 0x0000018badcd8808 code [0x0000018badcd8900, 0x0000018badcd89c0]
Event: 1.039 Thread 0x0000018bb87dfb10 1883       4       jdk.internal.classfile.impl.StackMapGenerator::processBlock (2767 bytes)
Event: 1.042 Thread 0x0000018bb8606530 1884       3       java.lang.invoke.MethodHandle::asTypeCached (52 bytes)
Event: 1.042 Thread 0x0000018bb8606530 nmethod 1884 0x0000018ba6459c88 code [0x0000018ba6459dc0, 0x0000018ba645a1b0]
Event: 1.042 Thread 0x0000018bb8606530 1887       3       java.lang.invoke.LambdaForm$Name::<init> (20 bytes)
Event: 1.043 Thread 0x0000018bb8606530 nmethod 1887 0x0000018ba645a208 code [0x0000018ba645a3c0, 0x0000018ba645ac50]
Event: 1.043 Thread 0x0000018bb8606530 1885       3       java.lang.invoke.LambdaForm::editor (5 bytes)
Event: 1.043 Thread 0x0000018bb8606530 nmethod 1885 0x0000018ba645ad08 code [0x0000018ba645ae40, 0x0000018ba645b178]
Event: 1.043 Thread 0x0000018bb8606530 1886       3       java.lang.invoke.LambdaFormEditor::lambdaFormEditor (12 bytes)
Event: 1.043 Thread 0x0000018bb8606530 nmethod 1886 0x0000018ba645b208 code [0x0000018ba645b340, 0x0000018ba645b600]
Event: 1.043 Thread 0x0000018bb8606530 1888       1       java.lang.reflect.Method::getDeclaringClass (5 bytes)
Event: 1.043 Thread 0x0000018bb8606530 nmethod 1888 0x0000018badcd8b08 code [0x0000018badcd8c00, 0x0000018badcd8cc8]
Event: 1.049 Thread 0x0000018bb8606530 1889       3       java.lang.invoke.LambdaForm$Name::isParam (13 bytes)
Event: 1.049 Thread 0x0000018bb8606530 nmethod 1889 0x0000018ba645b688 code [0x0000018ba645b7a0, 0x0000018ba645b8f8]
Event: 1.049 Thread 0x0000018bb8606530 1890       3       jdk.internal.classfile.impl.DirectCodeBuilder::writeLocalVar (32 bytes)
Event: 1.049 Thread 0x0000018bb8606530 nmethod 1890 0x0000018ba645b988 code [0x0000018ba645bae0, 0x0000018ba645bfe8]
Event: 1.049 Thread 0x0000018bb8606530 1891       3       jdk.internal.classfile.impl.DirectCodeBuilder::invoke (43 bytes)
Event: 1.050 Thread 0x0000018bb8606530 nmethod 1891 0x0000018ba645c008 code [0x0000018ba645c220, 0x0000018ba645d698]
Event: 1.051 Thread 0x0000018bb8901620 1892   !   4       java.util.zip.InflaterInputStream::read (129 bytes)

GC Heap History (2 events):
Event: 0.801 GC heap before
{Heap before GC invocations=0 (full 0):
 garbage-first heap   total reserved 131072K, committed 131072K, used 48244K [0x00000000f8000000, 0x0000000100000000)
  region size 1024K, 47 young (48128K), 0 survivors (0K)
 Metaspace       used 9001K, committed 9088K, reserved 1114112K
  class space    used 1120K, committed 1152K, reserved 1048576K
}
Event: 0.806 GC heap after
{Heap after GC invocations=1 (full 0):
 garbage-first heap   total reserved 131072K, committed 131072K, used 5471K [0x00000000f8000000, 0x0000000100000000)
  region size 1024K, 5 young (5120K), 5 survivors (5120K)
 Metaspace       used 9001K, committed 9088K, reserved 1114112K
  class space    used 1120K, committed 1152K, reserved 1048576K
}

Dll operation events (20 events):
Event: 0.288 Loaded shared library C:\Users\jaisu\.openjfx\cache\21+31\amd64\api-ms-win-crt-locale-l1-1-0.dll
Event: 0.290 Loaded shared library C:\Users\jaisu\.openjfx\cache\21+31\amd64\api-ms-win-crt-math-l1-1-0.dll
Event: 0.292 Loaded shared library C:\Users\jaisu\.openjfx\cache\21+31\amd64\api-ms-win-crt-multibyte-l1-1-0.dll
Event: 0.294 Loaded shared library C:\Users\jaisu\.openjfx\cache\21+31\amd64\api-ms-win-crt-private-l1-1-0.dll
Event: 0.296 Loaded shared library C:\Users\jaisu\.openjfx\cache\21+31\amd64\api-ms-win-crt-process-l1-1-0.dll
Event: 0.297 Loaded shared library C:\Users\jaisu\.openjfx\cache\21+31\amd64\api-ms-win-crt-runtime-l1-1-0.dll
Event: 0.299 Loaded shared library C:\Users\jaisu\.openjfx\cache\21+31\amd64\api-ms-win-crt-stdio-l1-1-0.dll
Event: 0.301 Loaded shared library C:\Users\jaisu\.openjfx\cache\21+31\amd64\api-ms-win-crt-string-l1-1-0.dll
Event: 0.303 Loaded shared library C:\Users\jaisu\.openjfx\cache\21+31\amd64\api-ms-win-crt-time-l1-1-0.dll
Event: 0.305 Loaded shared library C:\Users\jaisu\.openjfx\cache\21+31\amd64\api-ms-win-crt-utility-l1-1-0.dll
Event: 0.315 Loaded shared library C:\Users\jaisu\.openjfx\cache\21+31\amd64\ucrtbase.dll
Event: 0.319 Loaded shared library C:\Users\jaisu\.openjfx\cache\21+31\amd64\vcruntime140.dll
Event: 0.321 Loaded shared library C:\Users\jaisu\.openjfx\cache\21+31\amd64\vcruntime140_1.dll
Event: 0.327 Loaded shared library C:\Users\jaisu\.openjfx\cache\21+31\amd64\msvcp140.dll
Event: 0.329 Loaded shared library C:\Users\jaisu\.openjfx\cache\21+31\amd64\msvcp140_1.dll
Event: 0.333 Loaded shared library C:\Users\jaisu\.openjfx\cache\21+31\amd64\msvcp140_2.dll
Event: 0.368 Loaded shared library C:\Users\jaisu\.openjfx\cache\21+31\amd64\prism_d3d.dll
Event: 0.420 Loaded shared library C:\Users\jaisu\.openjfx\cache\21+31\amd64\glass.dll
Event: 0.611 Loaded shared library C:\Users\jaisu\.openjfx\cache\21+31\amd64\javafx_font.dll
Event: 0.716 Loaded shared library D:\apps\java\bin\jimage.dll

Deoptimization events (20 events):
Event: 0.963 Thread 0x0000018bfeca54a0 Uncommon trap: trap_request=0xffffff4d fr.pc=0x0000018badca2d10 relative=0x00000000000001f0
Event: 0.963 Thread 0x0000018bfeca54a0 Uncommon trap: reason=unstable_if action=reinterpret pc=0x0000018badca2d10 method=java.io.ByteArrayInputStream.read()I @ 8 c2
Event: 0.963 Thread 0x0000018bfeca54a0 DEOPT PACKING pc=0x0000018badca2d10 sp=0x00000067ad9fbed0
Event: 0.963 Thread 0x0000018bfeca54a0 DEOPT UNPACKING pc=0x0000018bad7c9182 sp=0x00000067ad9fbe78 mode 2
Event: 0.987 Thread 0x0000018bfeca54a0 Uncommon trap: trap_request=0xffffff4d fr.pc=0x0000018badcbace8 relative=0x0000000000000068
Event: 0.987 Thread 0x0000018bfeca54a0 Uncommon trap: reason=unstable_if action=reinterpret pc=0x0000018badcbace8 method=java.util.Objects.equals(Ljava/lang/Object;Ljava/lang/Object;)Z @ 6 c2
Event: 0.987 Thread 0x0000018bfeca54a0 DEOPT PACKING pc=0x0000018badcbace8 sp=0x00000067ad9fd320
Event: 0.987 Thread 0x0000018bfeca54a0 DEOPT UNPACKING pc=0x0000018bad7c9182 sp=0x00000067ad9fd2c0 mode 2
Event: 1.043 Thread 0x0000018bfe96c2b0 Uncommon trap: trap_request=0xffffffde fr.pc=0x0000018badc9b5a8 relative=0x0000000000000868
Event: 1.043 Thread 0x0000018bfe96c2b0 Uncommon trap: reason=class_check action=maybe_recompile pc=0x0000018badc9b5a8 method=java.io.BufferedInputStream.read([BII)I @ 100 c2
Event: 1.043 Thread 0x0000018bfe96c2b0 DEOPT PACKING pc=0x0000018badc9b5a8 sp=0x00000067ad7fdc20
Event: 1.043 Thread 0x0000018bfe96c2b0 DEOPT UNPACKING pc=0x0000018bad7c9182 sp=0x00000067ad7fdbf8 mode 2
Event: 1.043 Thread 0x0000018bfe96c2b0 Uncommon trap: trap_request=0xffffff4d fr.pc=0x0000018badc97f00 relative=0x0000000000000080
Event: 1.043 Thread 0x0000018bfe96c2b0 Uncommon trap: reason=unstable_if action=reinterpret pc=0x0000018badc97f00 method=java.io.BufferedInputStream.getBufIfOpen(Z)[B @ 13 c2
Event: 1.043 Thread 0x0000018bfe96c2b0 DEOPT PACKING pc=0x0000018badc97f00 sp=0x00000067ad7fdb30
Event: 1.043 Thread 0x0000018bfe96c2b0 DEOPT UNPACKING pc=0x0000018bad7c9182 sp=0x00000067ad7fdab0 mode 2
Event: 1.043 Thread 0x0000018bfe96c2b0 Uncommon trap: trap_request=0xffffff4d fr.pc=0x0000018badc9b3fc relative=0x00000000000006bc
Event: 1.043 Thread 0x0000018bfe96c2b0 Uncommon trap: reason=unstable_if action=reinterpret pc=0x0000018badc9b3fc method=java.io.BufferedInputStream.read([BII)I @ 55 c2
Event: 1.043 Thread 0x0000018bfe96c2b0 DEOPT PACKING pc=0x0000018badc9b3fc sp=0x00000067ad7fdc20
Event: 1.043 Thread 0x0000018bfe96c2b0 DEOPT UNPACKING pc=0x0000018bad7c9182 sp=0x00000067ad7fdbf8 mode 2

Classes loaded (20 events):
Event: 0.978 Loading class java/lang/FdLibm
Event: 0.978 Loading class java/lang/FdLibm done
Event: 0.986 Loading class java/lang/invoke/MethodHandle$1
Event: 0.986 Loading class java/lang/invoke/MethodHandle$1 done
Event: 1.014 Loading class java/util/WeakHashMap$EntrySet
Event: 1.014 Loading class java/util/WeakHashMap$EntrySet done
Event: 1.014 Loading class java/util/WeakHashMap$EntryIterator
Event: 1.014 Loading class java/util/WeakHashMap$EntryIterator done
Event: 1.043 Loading class java/nio/DirectByteBuffer$Deallocator
Event: 1.043 Loading class java/nio/DirectByteBuffer$Deallocator done
Event: 1.046 Loading class java/security/PrivilegedExceptionAction
Event: 1.046 Loading class java/security/PrivilegedExceptionAction done
Event: 1.047 Loading class java/nio/ShortBuffer
Event: 1.047 Loading class java/nio/ShortBuffer done
Event: 1.047 Loading class java/nio/FloatBuffer
Event: 1.047 Loading class java/nio/FloatBuffer done
Event: 1.047 Loading class java/nio/DoubleBuffer
Event: 1.047 Loading class java/nio/DoubleBuffer done
Event: 1.048 Loading class java/nio/DirectFloatBufferU
Event: 1.048 Loading class java/nio/DirectFloatBufferU done

Classes unloaded (0 events):
No events

Classes redefined (0 events):
No events

Internal exceptions (20 events):
Event: 0.592 Thread 0x0000018bfeca54a0 Exception <a 'java/lang/ClassNotFoundException'{0x00000000fdf73d20}: com/sun/glass/ui/win/themes> (0x00000000fdf73d20) 
thrown [s\open\src\hotspot\share\prims\jni.cpp, line 536]
Event: 0.593 Thread 0x0000018bfeca54a0 Exception <a 'java/lang/ClassNotFoundException'{0x00000000fdf7bd08}: com/sun/glass/ui/win/themes_en> (0x00000000fdf7bd08) 
thrown [s\open\src\hotspot\share\prims\jni.cpp, line 536]
Event: 0.593 Thread 0x0000018bfeca54a0 Exception <a 'java/lang/ClassNotFoundException'{0x00000000fdf847f8}: com/sun/glass/ui/win/themes_en_IN> (0x00000000fdf847f8) 
thrown [s\open\src\hotspot\share\prims\jni.cpp, line 536]
Event: 0.609 Thread 0x0000018bfeca54a0 Exception <a 'java/io/IOException'{0x00000000fdef8b88}> (0x00000000fdef8b88) 
thrown [s\open\src\hotspot\share\prims\jni.cpp, line 518]
Event: 0.691 Thread 0x0000018bfeca54a0 Exception <a 'java/lang/NoSuchMethodError'{0x00000000fd9b16f0}: 'void java.lang.invoke.DirectMethodHandle$Holder.invokeStaticInit(java.lang.Object, java.lang.Object)'> (0x00000000fd9b16f0) 
thrown [s\open\src\hotspot\share\interpreter\linkResolver.cpp, line 805]
Event: 0.717 Thread 0x0000018bfeca54a0 Exception <a 'sun/nio/fs/WindowsException'{0x00000000fd6347b8}> (0x00000000fd6347b8) 
thrown [s\open\src\hotspot\share\prims\jni.cpp, line 518]
Event: 0.740 Thread 0x0000018bfeca54a0 Implicit null exception at 0x0000018badca0c51 to 0x0000018badca1188
Event: 0.744 Thread 0x0000018bfeca54a0 Implicit null exception at 0x0000018badca14d1 to 0x0000018badca1a04
Event: 0.749 Thread 0x0000018bfeca54a0 Implicit null exception at 0x0000018badc6715d to 0x0000018badc6746c
Event: 0.753 Thread 0x0000018bfeca54a0 Exception <a 'java/lang/ClassNotFoundException'{0x00000000fd3c5ea8}: com/sun/javafx/scene/control/skin/resources/controls> (0x00000000fd3c5ea8) 
thrown [s\open\src\hotspot\share\prims\jni.cpp, line 536]
Event: 0.754 Thread 0x0000018bfeca54a0 Exception <a 'java/lang/ClassNotFoundException'{0x00000000fd3d3298}: com/sun/javafx/scene/control/skin/resources/controls_en> (0x00000000fd3d3298) 
thrown [s\open\src\hotspot\share\prims\jni.cpp, line 536]
Event: 0.754 Thread 0x0000018bfeca54a0 Exception <a 'java/lang/ClassNotFoundException'{0x00000000fd3d40e8}: com/sun/javafx/scene/control/skin/resources/controls_en_IN> (0x00000000fd3d40e8) 
thrown [s\open\src\hotspot\share\prims\jni.cpp, line 536]
Event: 0.835 Thread 0x0000018bfeca54a0 Exception <a 'sun/nio/fs/WindowsException'{0x00000000ffa4ebf8}> (0x00000000ffa4ebf8) 
thrown [s\open\src\hotspot\share\prims\jni.cpp, line 518]
Event: 0.855 Thread 0x0000018bfeca54a0 Exception <a 'java/lang/IncompatibleClassChangeError'{0x00000000ff886330}: Found class java.lang.Object, but interface was expected> (0x00000000ff886330) 
thrown [s\open\src\hotspot\share\interpreter\linkResolver.cpp, line 872]
Event: 0.950 Thread 0x0000018bfeca54a0 Exception <a 'java/lang/NoSuchMethodError'{0x00000000fee11cb0}: 'void java.lang.invoke.DirectMethodHandle$Holder.invokeSpecial(java.lang.Object, java.lang.Object, java.lang.Object, java.lang.Object, java.lang.Object, java.lang.Object)'> (0x00000000fee11cb0) 
thrown [s\open\src\hotspot\share\interpreter\linkResolver.cpp, line 805]
Event: 0.967 Thread 0x0000018bfeca54a0 Exception <a 'java/lang/NoSuchMethodError'{0x00000000feb33848}: 'int java.lang.invoke.DirectMethodHandle$Holder.invokeSpecial(java.lang.Object, java.lang.Object, int)'> (0x00000000feb33848) 
thrown [s\open\src\hotspot\share\interpreter\linkResolver.cpp, line 805]
Event: 0.968 Thread 0x0000018bfeca54a0 Exception <a 'java/lang/NoSuchMethodError'{0x00000000feb541c8}: 'java.lang.Object java.lang.invoke.DirectMethodHandle$Holder.invokeStatic(java.lang.Object, java.lang.Object, java.lang.Object, java.lang.Object, int)'> (0x00000000feb541c8) 
thrown [s\open\src\hotspot\share\interpreter\linkResolver.cpp, line 805]
Event: 0.969 Thread 0x0000018bfeca54a0 Exception <a 'java/lang/NoSuchMethodError'{0x00000000feb66170}: 'int java.lang.invoke.DirectMethodHandle$Holder.invokeSpecial(java.lang.Object, java.lang.Object, java.lang.Object)'> (0x00000000feb66170) 
thrown [s\open\src\hotspot\share\interpreter\linkResolver.cpp, line 805]
Event: 0.996 Thread 0x0000018bfeca54a0 Exception <a 'java/lang/NoSuchMethodError'{0x00000000fe93cec0}: 'java.lang.Object java.lang.invoke.DirectMethodHandle$Holder.newInvokeSpecial(java.lang.Object, java.lang.Object, int)'> (0x00000000fe93cec0) 
thrown [s\open\src\hotspot\share\interpreter\linkResolver.cpp, line 805]
Event: 1.028 Thread 0x0000018bfe96c2b0 Exception <a 'java/lang/NoSuchMethodError'{0x00000000fe81e3e8}: 'int java.lang.invoke.DirectMethodHandle$Holder.invokeStaticInit(java.lang.Object, java.lang.Object)'> (0x00000000fe81e3e8) 
thrown [s\open\src\hotspot\share\interpreter\linkResolver.cpp, line 805]

VM Operations (14 events):
Event: 0.056 Executing VM operation: HandshakeAllThreads (Deoptimize)
Event: 0.057 Executing VM operation: HandshakeAllThreads (Deoptimize) done
Event: 0.124 Executing VM operation: HandshakeAllThreads (Deoptimize)
Event: 0.124 Executing VM operation: HandshakeAllThreads (Deoptimize) done
Event: 0.130 Executing VM operation: HandshakeAllThreads (Deoptimize)
Event: 0.130 Executing VM operation: HandshakeAllThreads (Deoptimize) done
Event: 0.414 Executing VM operation: HandshakeAllThreads (Deoptimize)
Event: 0.414 Executing VM operation: HandshakeAllThreads (Deoptimize) done
Event: 0.618 Executing VM operation: HandshakeAllThreads (Deoptimize)
Event: 0.618 Executing VM operation: HandshakeAllThreads (Deoptimize) done
Event: 0.717 Executing VM operation: HandshakeAllThreads (Deoptimize)
Event: 0.717 Executing VM operation: HandshakeAllThreads (Deoptimize) done
Event: 0.801 Executing VM operation: G1CollectForAllocation (G1 Evacuation Pause)
Event: 0.806 Executing VM operation: G1CollectForAllocation (G1 Evacuation Pause) done

Memory protections (0 events):
No events

Nmethod flushes (0 events):
No events

Events (19 events):
Event: 0.016 Thread 0x0000018b9b373f90 Thread added: 0x0000018b9b373f90
Event: 0.024 Thread 0x0000018b9b373f90 Thread added: 0x0000018bb85eb830
Event: 0.024 Thread 0x0000018b9b373f90 Thread added: 0x0000018bb85ebf70
Event: 0.024 Thread 0x0000018b9b373f90 Thread added: 0x0000018bb85f3a30
Event: 0.024 Thread 0x0000018b9b373f90 Thread added: 0x0000018bb85f6180
Event: 0.024 Thread 0x0000018b9b373f90 Thread added: 0x0000018bb85f7d00
Event: 0.024 Thread 0x0000018b9b373f90 Thread added: 0x0000018bb85f8440
Event: 0.024 Thread 0x0000018b9b373f90 Thread added: 0x0000018bb85fd5f0
Event: 0.024 Thread 0x0000018b9b373f90 Thread added: 0x0000018bb8606530
Event: 0.037 Thread 0x0000018b9b373f90 Thread added: 0x0000018bb86bf190
Event: 0.069 Thread 0x0000018bb8606530 Thread added: 0x0000018bb87dfb10
Event: 0.083 Thread 0x0000018bb8606530 Thread added: 0x0000018bb8901620
Event: 0.143 Thread 0x0000018b9b373f90 Thread added: 0x0000018bb87d4950
Event: 0.360 Thread 0x0000018b9b373f90 Thread added: 0x0000018bfe96c2b0
Event: 0.421 Thread 0x0000018b9b373f90 Thread added: 0x0000018bfecb1a80
Event: 0.424 Thread 0x0000018b9b373f90 Thread added: 0x0000018bfeca54a0
Event: 0.523 Thread 0x0000018bff49d590 Thread added: 0x0000018bff49d590
Event: 0.528 Thread 0x0000018b9b373f90 Thread added: 0x0000018bff546e60
Event: 0.849 Thread 0x0000018bfeca54a0 Thread added: 0x0000018bff79d970


Dynamic libraries:
0x00007ff642780000 - 0x00007ff642790000 	D:\apps\java\bin\java.exe
0x00007fffdc020000 - 0x00007fffdc287000 	C:\WINDOWS\SYSTEM32\ntdll.dll
0x00007fffdb050000 - 0x00007fffdb119000 	C:\WINDOWS\System32\KERNEL32.DLL
0x00007fffd9660000 - 0x00007fffd9a4f000 	C:\WINDOWS\System32\KERNELBASE.dll
0x00007fffd9170000 - 0x00007fffd92bb000 	C:\WINDOWS\System32\ucrtbase.dll
0x00007fffc1e30000 - 0x00007fffc1e4b000 	D:\apps\java\bin\VCRUNTIME140.dll
0x00007fffd3650000 - 0x00007fffd3666000 	D:\apps\java\bin\jli.dll
0x00007fffdb4b0000 - 0x00007fffdb675000 	C:\WINDOWS\System32\USER32.dll
0x00007fffb4db0000 - 0x00007fffb5043000 	C:\WINDOWS\WinSxS\amd64_microsoft.windows.common-controls_6595b64144ccf1df_6.0.26100.7309_none_3e05feeae336a044\COMCTL32.dll
0x00007fffd9410000 - 0x00007fffd9437000 	C:\WINDOWS\System32\win32u.dll
0x00007fffdaea0000 - 0x00007fffdaf49000 	C:\WINDOWS\System32\msvcrt.dll
0x00007fffdaa30000 - 0x00007fffdaa5b000 	C:\WINDOWS\System32\GDI32.dll
0x00007fffd9c90000 - 0x00007fffd9dbc000 	C:\WINDOWS\System32\gdi32full.dll
0x00007fffd9be0000 - 0x00007fffd9c83000 	C:\WINDOWS\System32\msvcp_win.dll
0x00007fffda1a0000 - 0x00007fffda1d1000 	C:\WINDOWS\System32\IMM32.DLL
0x00007fffc2030000 - 0x00007fffc203c000 	D:\apps\java\bin\vcruntime140_1.dll
0x00007fff98220000 - 0x00007fff982ae000 	D:\apps\java\bin\msvcp140.dll
0x00007fff4f7c0000 - 0x00007fff50561000 	D:\apps\java\bin\server\jvm.dll
0x00007fffdaf50000 - 0x00007fffdb004000 	C:\WINDOWS\System32\ADVAPI32.dll
0x00007fffdb130000 - 0x00007fffdb1d6000 	C:\WINDOWS\System32\sechost.dll
0x00007fffdb2e0000 - 0x00007fffdb3f8000 	C:\WINDOWS\System32\RPCRT4.dll
0x00007fffdb1e0000 - 0x00007fffdb254000 	C:\WINDOWS\System32\WS2_32.dll
0x00007fffd5950000 - 0x00007fffd5985000 	C:\WINDOWS\SYSTEM32\WINMM.dll
0x00007fffd8ff0000 - 0x00007fffd904e000 	C:\WINDOWS\SYSTEM32\POWRPROF.dll
0x00007fffbf840000 - 0x00007fffbf84b000 	C:\WINDOWS\SYSTEM32\VERSION.dll
0x00007fffd8fd0000 - 0x00007fffd8fe4000 	C:\WINDOWS\SYSTEM32\UMPDC.dll
0x00007fffd7f20000 - 0x00007fffd7f3b000 	C:\WINDOWS\SYSTEM32\kernel.appcore.dll
0x00007fffbfc30000 - 0x00007fffbfc3a000 	D:\apps\java\bin\jimage.dll
0x00007fffd6760000 - 0x00007fffd69a2000 	C:\WINDOWS\SYSTEM32\DBGHELP.DLL
0x00007fffd9e10000 - 0x00007fffda195000 	C:\WINDOWS\System32\combase.dll
0x00007fffdaa60000 - 0x00007fffdab36000 	C:\WINDOWS\System32\OLEAUT32.dll
0x00007fffaf180000 - 0x00007fffaf1bc000 	C:\WINDOWS\SYSTEM32\dbgcore.DLL
0x00007fffd95b0000 - 0x00007fffd9655000 	C:\WINDOWS\System32\bcryptPrimitives.dll
0x00007fffb7910000 - 0x00007fffb792e000 	D:\apps\java\bin\java.dll
0x00007fffdab40000 - 0x00007fffdacd7000 	C:\WINDOWS\System32\ole32.dll
0x00007fffdb7f0000 - 0x00007fffdbf43000 	C:\WINDOWS\System32\SHELL32.dll
0x00007fffd9440000 - 0x00007fffd95aa000 	C:\WINDOWS\System32\wintypes.dll
0x00007fffd6d70000 - 0x00007fffd75ce000 	C:\WINDOWS\SYSTEM32\windows.storage.dll
0x00007fffdada0000 - 0x00007fffdae95000 	C:\WINDOWS\System32\SHCORE.dll
0x00007fffda670000 - 0x00007fffda6d6000 	C:\WINDOWS\System32\shlwapi.dll
0x00007fffd9090000 - 0x00007fffd90b9000 	C:\WINDOWS\SYSTEM32\profapi.dll
0x00007fff98140000 - 0x00007fff98217000 	D:\apps\java\bin\jsvml.dll
0x00007fffb56d0000 - 0x00007fffb56e0000 	D:\apps\java\bin\net.dll
0x00007fffd8490000 - 0x00007fffd84fb000 	C:\WINDOWS\system32\mswsock.dll
0x00007fffb3bf0000 - 0x00007fffb3c06000 	D:\apps\java\bin\nio.dll
0x00007fffa51c0000 - 0x00007fffa51d7000 	D:\apps\java\bin\zip.dll
0x0000018b9d840000 - 0x0000018b9d843000 	C:\Users\jaisu\.openjfx\cache\21+31\amd64\api-ms-win-core-console-l1-1-0.dll
0x0000018b9d850000 - 0x0000018b9d853000 	C:\Users\jaisu\.openjfx\cache\21+31\amd64\api-ms-win-core-console-l1-2-0.dll
0x0000018b9d860000 - 0x0000018b9d863000 	C:\Users\jaisu\.openjfx\cache\21+31\amd64\api-ms-win-core-datetime-l1-1-0.dll
0x0000018b9d870000 - 0x0000018b9d873000 	C:\Users\jaisu\.openjfx\cache\21+31\amd64\api-ms-win-core-debug-l1-1-0.dll
0x0000018b9d880000 - 0x0000018b9d883000 	C:\Users\jaisu\.openjfx\cache\21+31\amd64\api-ms-win-core-errorhandling-l1-1-0.dll
0x0000018b9d890000 - 0x0000018b9d894000 	C:\Users\jaisu\.openjfx\cache\21+31\amd64\api-ms-win-core-file-l1-1-0.dll
0x0000018bb8be0000 - 0x0000018bb8be3000 	C:\Users\jaisu\.openjfx\cache\21+31\amd64\api-ms-win-core-file-l1-2-0.dll
0x0000018bb8bf0000 - 0x0000018bb8bf3000 	C:\Users\jaisu\.openjfx\cache\21+31\amd64\api-ms-win-core-file-l2-1-0.dll
0x0000018bb8c00000 - 0x0000018bb8c03000 	C:\Users\jaisu\.openjfx\cache\21+31\amd64\api-ms-win-core-handle-l1-1-0.dll
0x0000018bb8c10000 - 0x0000018bb8c13000 	C:\Users\jaisu\.openjfx\cache\21+31\amd64\api-ms-win-core-heap-l1-1-0.dll
0x0000018bb8c20000 - 0x0000018bb8c23000 	C:\Users\jaisu\.openjfx\cache\21+31\amd64\api-ms-win-core-interlocked-l1-1-0.dll
0x0000018bb8c30000 - 0x0000018bb8c33000 	C:\Users\jaisu\.openjfx\cache\21+31\amd64\api-ms-win-core-libraryloader-l1-1-0.dll
0x0000018bb8c40000 - 0x0000018bb8c43000 	C:\Users\jaisu\.openjfx\cache\21+31\amd64\api-ms-win-core-localization-l1-2-0.dll
0x0000018bb8c50000 - 0x0000018bb8c53000 	C:\Users\jaisu\.openjfx\cache\21+31\amd64\api-ms-win-core-memory-l1-1-0.dll
0x0000018bb8c60000 - 0x0000018bb8c63000 	C:\Users\jaisu\.openjfx\cache\21+31\amd64\api-ms-win-core-namedpipe-l1-1-0.dll
0x0000018bb8c70000 - 0x0000018bb8c73000 	C:\Users\jaisu\.openjfx\cache\21+31\amd64\api-ms-win-core-processenvironment-l1-1-0.dll
0x0000018bb8c80000 - 0x0000018bb8c83000 	C:\Users\jaisu\.openjfx\cache\21+31\amd64\api-ms-win-core-processthreads-l1-1-0.dll
0x0000018bb8c90000 - 0x0000018bb8c93000 	C:\Users\jaisu\.openjfx\cache\21+31\amd64\api-ms-win-core-processthreads-l1-1-1.dll
0x0000018bb8ca0000 - 0x0000018bb8ca3000 	C:\Users\jaisu\.openjfx\cache\21+31\amd64\api-ms-win-core-profile-l1-1-0.dll
0x0000018bb8cb0000 - 0x0000018bb8cb3000 	C:\Users\jaisu\.openjfx\cache\21+31\amd64\api-ms-win-core-rtlsupport-l1-1-0.dll
0x0000018bb8cc0000 - 0x0000018bb8cc3000 	C:\Users\jaisu\.openjfx\cache\21+31\amd64\api-ms-win-core-string-l1-1-0.dll
0x0000018bb8cd0000 - 0x0000018bb8cd3000 	C:\Users\jaisu\.openjfx\cache\21+31\amd64\api-ms-win-core-synch-l1-1-0.dll
0x0000018bb8ce0000 - 0x0000018bb8ce3000 	C:\Users\jaisu\.openjfx\cache\21+31\amd64\api-ms-win-core-synch-l1-2-0.dll
0x0000018bb8cf0000 - 0x0000018bb8cf3000 	C:\Users\jaisu\.openjfx\cache\21+31\amd64\api-ms-win-core-sysinfo-l1-1-0.dll
0x0000018bb8d00000 - 0x0000018bb8d03000 	C:\Users\jaisu\.openjfx\cache\21+31\amd64\api-ms-win-core-timezone-l1-1-0.dll
0x0000018bb8d10000 - 0x0000018bb8d13000 	C:\Users\jaisu\.openjfx\cache\21+31\amd64\api-ms-win-core-util-l1-1-0.dll
0x0000018bb8d20000 - 0x0000018bb8d23000 	C:\Users\jaisu\.openjfx\cache\21+31\amd64\api-ms-win-crt-conio-l1-1-0.dll
0x0000018bb8d30000 - 0x0000018bb8d34000 	C:\Users\jaisu\.openjfx\cache\21+31\amd64\api-ms-win-crt-convert-l1-1-0.dll
0x0000018bb8d40000 - 0x0000018bb8d43000 	C:\Users\jaisu\.openjfx\cache\21+31\amd64\api-ms-win-crt-environment-l1-1-0.dll
0x0000018bb8d50000 - 0x0000018bb8d53000 	C:\Users\jaisu\.openjfx\cache\21+31\amd64\api-ms-win-crt-filesystem-l1-1-0.dll
0x0000018bb8d60000 - 0x0000018bb8d63000 	C:\Users\jaisu\.openjfx\cache\21+31\amd64\api-ms-win-crt-heap-l1-1-0.dll
0x0000018bb8d70000 - 0x0000018bb8d73000 	C:\Users\jaisu\.openjfx\cache\21+31\amd64\api-ms-win-crt-locale-l1-1-0.dll
0x0000018bb8d80000 - 0x0000018bb8d85000 	C:\Users\jaisu\.openjfx\cache\21+31\amd64\api-ms-win-crt-math-l1-1-0.dll
0x0000018bb8d90000 - 0x0000018bb8d95000 	C:\Users\jaisu\.openjfx\cache\21+31\amd64\api-ms-win-crt-multibyte-l1-1-0.dll
0x0000018bb8da0000 - 0x0000018bb8db0000 	C:\Users\jaisu\.openjfx\cache\21+31\amd64\api-ms-win-crt-private-l1-1-0.dll
0x0000018bb8db0000 - 0x0000018bb8db3000 	C:\Users\jaisu\.openjfx\cache\21+31\amd64\api-ms-win-crt-process-l1-1-0.dll
0x0000018bb8dc0000 - 0x0000018bb8dc4000 	C:\Users\jaisu\.openjfx\cache\21+31\amd64\api-ms-win-crt-runtime-l1-1-0.dll
0x0000018bb8dd0000 - 0x0000018bb8dd4000 	C:\Users\jaisu\.openjfx\cache\21+31\amd64\api-ms-win-crt-stdio-l1-1-0.dll
0x0000018bb8de0000 - 0x0000018bb8de4000 	C:\Users\jaisu\.openjfx\cache\21+31\amd64\api-ms-win-crt-string-l1-1-0.dll
0x0000018bb8df0000 - 0x0000018bb8df3000 	C:\Users\jaisu\.openjfx\cache\21+31\amd64\api-ms-win-crt-time-l1-1-0.dll
0x0000018bb8e00000 - 0x0000018bb8e03000 	C:\Users\jaisu\.openjfx\cache\21+31\amd64\api-ms-win-crt-utility-l1-1-0.dll
0x00007fff57640000 - 0x00007fff5773c000 	C:\Users\jaisu\.openjfx\cache\21+31\amd64\ucrtbase.dll
0x00007fffbfd30000 - 0x00007fffbfd4b000 	C:\Users\jaisu\.openjfx\cache\21+31\amd64\vcruntime140.dll
0x00007fffc1d90000 - 0x00007fffc1d9c000 	C:\Users\jaisu\.openjfx\cache\21+31\amd64\vcruntime140_1.dll
0x00007fff8d990000 - 0x00007fff8da1e000 	C:\Users\jaisu\.openjfx\cache\21+31\amd64\msvcp140.dll
0x00007fffbfcb0000 - 0x00007fffbfcb9000 	C:\Users\jaisu\.openjfx\cache\21+31\amd64\msvcp140_1.dll
0x00007fffa4d70000 - 0x00007fffa4d9f000 	C:\Users\jaisu\.openjfx\cache\21+31\amd64\msvcp140_2.dll
0x00007fffa4d40000 - 0x00007fffa4d6f000 	C:\Users\jaisu\.openjfx\cache\21+31\amd64\prism_d3d.dll
0x00007fff2fd00000 - 0x00007fff2feb3000 	C:\WINDOWS\system32\d3d9.dll
0x00007fffd6190000 - 0x00007fffd61c0000 	C:\WINDOWS\SYSTEM32\dwmapi.dll
0x00007fffd5fe0000 - 0x00007fffd6024000 	C:\WINDOWS\SYSTEM32\dxcore.dll
0x00007fffd5f10000 - 0x00007fffd5fbb000 	C:\WINDOWS\system32\uxtheme.dll
0x00007fff2e0f0000 - 0x00007fff2f943000 	C:\WINDOWS\System32\DriverStore\FileRepository\iigd_dch.inf_amd64_93ded255a9136074\igd9trinity64.dll
0x00007fffd6030000 - 0x00007fffd616b000 	C:\WINDOWS\system32\dxgi.dll
0x00007fffc6d60000 - 0x00007fffc719e000 	C:\WINDOWS\System32\DriverStore\FileRepository\iigd_dch.inf_amd64_93ded255a9136074\igdgmm64.dll
0x00007fffc2b90000 - 0x00007fffc6bd2000 	C:\WINDOWS\System32\DriverStore\FileRepository\iigd_dch.inf_amd64_93ded255a9136074\igc64.dll
0x00007fff308d0000 - 0x00007fff3091d000 	C:\WINDOWS\SYSTEM32\ControlLib.dll
0x00007fffd8cb0000 - 0x00007fffd8d07000 	C:\WINDOWS\SYSTEM32\CFGMGR32.dll
0x00007fffc7600000 - 0x00007fffc7693000 	C:\WINDOWS\System32\DriverStore\FileRepository\iigd_dch.inf_amd64_93ded255a9136074\IntelControlLib.dll
0x00007fffcb530000 - 0x00007fffcb593000 	C:\WINDOWS\SYSTEM32\directxdatabasehelper.dll
0x00007fff2faa0000 - 0x00007fff2fbe0000 	C:\WINDOWS\System32\DriverStore\FileRepository\iigd_dch.inf_amd64_93ded255a9136074\igvkMedia64.dll
0x00007fff467b0000 - 0x00007fff47b58000 	C:\WINDOWS\System32\DriverStore\FileRepository\iigd_dch.inf_amd64_93ded255a9136074\igddxvacommon64.dll
0x00007fff449a0000 - 0x00007fff466cb000 	C:\WINDOWS\System32\DriverStore\FileRepository\iigd_dch.inf_amd64_93ded255a9136074\media_bin_64.dll
0x00007fff2c9d0000 - 0x00007fff2df19000 	C:\WINDOWS\System32\DriverStore\FileRepository\iigd_dch.inf_amd64_93ded255a9136074\igd9dxva64.dll
0x00007fffda1e0000 - 0x00007fffda66a000 	C:\WINDOWS\System32\SETUPAPI.dll
0x00007fff8d940000 - 0x00007fff8d982000 	C:\Users\jaisu\.openjfx\cache\21+31\amd64\glass.dll
0x00007fffda6e0000 - 0x00007fffda7d0000 	C:\WINDOWS\System32\COMDLG32.dll
0x00007fffdb680000 - 0x00007fffdb7de000 	C:\WINDOWS\System32\MSCTF.dll
0x00007fff4f460000 - 0x00007fff4f7b4000 	C:\WINDOWS\System32\DriverStore\FileRepository\iigd_dch.inf_amd64_93ded255a9136074\igdml64.dll
0x00007fff448a0000 - 0x00007fff448c7000 	C:\WINDOWS\System32\DriverStore\FileRepository\iigd_dch.inf_amd64_93ded255a9136074\igdinfo64.dll
0x00007fffb3580000 - 0x00007fffb3594000 	C:\Users\jaisu\.openjfx\cache\21+31\amd64\javafx_font.dll
0x00007fffd41f0000 - 0x00007fffd4457000 	C:\WINDOWS\SYSTEM32\dwrite.dll
0x00007fffdace0000 - 0x00007fffdad90000 	C:\WINDOWS\System32\clbcatq.dll
0x00007fffd3fb0000 - 0x00007fffd41e0000 	C:\WINDOWS\SYSTEM32\WindowsCodecs.dll
0x00007fff8da60000 - 0x00007fff8daba000 	C:\WINDOWS\system32\dataexchange.dll
0x00007fffc22e0000 - 0x00007fffc2524000 	C:\WINDOWS\system32\twinapi.appcore.dll
0x00007fff8dbf0000 - 0x00007fff8dc1c000 	C:\Program Files\Common Files\Microsoft Shared\Ink\rtscom.dll
0x00007fffb7710000 - 0x00007fffb7858000 	C:\WINDOWS\SYSTEM32\textinputframework.dll
0x00007fffd5440000 - 0x00007fffd5567000 	C:\WINDOWS\SYSTEM32\CoreMessaging.dll
0x00007fffca0b0000 - 0x00007fffca392000 	C:\WINDOWS\SYSTEM32\CoreUIComponents.dll
0x00007fffd8770000 - 0x00007fffd877c000 	C:\WINDOWS\SYSTEM32\CRYPTBASE.DLL

JVMTI agents: none

dbghelp: loaded successfully - version: 4.0.5 - missing functions: none
symbol engine: initialized successfully - sym options: 0x614 - pdb path: .;D:\apps\java\bin;C:\WINDOWS\SYSTEM32;C:\WINDOWS\WinSxS\amd64_microsoft.windows.common-controls_6595b64144ccf1df_6.0.26100.7309_none_3e05feeae336a044;D:\apps\java\bin\server;C:\Users\jaisu\.openjfx\cache\21+31\amd64;C:\WINDOWS\System32\DriverStore\FileRepository\iigd_dch.inf_amd64_93ded255a9136074;C:\Program Files\Common Files\Microsoft Shared\Ink

VM Arguments:
jvm_args: -Xmx128m --module-path=target\classes;C:\Users\jaisu\.m2\repository\org\openjfx\javafx-controls\21\javafx-controls-21.jar;C:\Users\jaisu\.m2\repository\org\openjfx\javafx-controls\21\javafx-controls-21-win.jar;C:\Users\jaisu\.m2\repository\org\openjfx\javafx-graphics\21\javafx-graphics-21.jar;C:\Users\jaisu\.m2\repository\org\openjfx\javafx-graphics\21\javafx-graphics-21-win.jar;C:\Users\jaisu\.m2\repository\org\openjfx\javafx-base\21\javafx-base-21.jar;C:\Users\jaisu\.m2\repository\org\openjfx\javafx-base\21\javafx-base-21-win.jar;C:\Users\jaisu\.m2\repository\org\openjfx\javafx-fxml\21\javafx-fxml-21.jar;C:\Users\jaisu\.m2\repository\org\openjfx\javafx-fxml\21\javafx-fxml-21-win.jar;C:\Users\jaisu\.m2\repository\com\google\code\gson\gson\2.10.1\gson-2.10.1.jar --add-modules=javafx.controls,javafx.fxml -Djdk.module.main=com.nets 
java_command: com.nets/com.nets.NetsGame
java_class_path (initial): <not set>
Launcher Type: SUN_STANDARD

[Global flags]
     intx CICompilerCount                          = 4                                         {product} {ergonomic}
     uint ConcGCThreads                            = 3                                         {product} {ergonomic}
     uint G1ConcRefinementThreads                  = 11                                        {product} {ergonomic}
   size_t G1HeapRegionSize                         = 1048576                                   {product} {ergonomic}
   size_t InitialHeapSize                          = 134217728                                 {product} {ergonomic}
   size_t MarkStackSize                            = 4194304                                   {product} {ergonomic}
   size_t MarkStackSizeMax                         = 536870912                                 {product} {ergonomic}
   size_t MaxHeapSize                              = 134217728                                 {product} {command line}
   size_t MaxNewSize                               = 79691776                                  {product} {ergonomic}
   size_t MinHeapDeltaBytes                        = 1048576                                   {product} {ergonomic}
   size_t MinHeapSize                              = 8388608                                   {product} {ergonomic}
    uintx NonNMethodCodeHeapSize                   = 5832704                                {pd product} {ergonomic}
    uintx NonProfiledCodeHeapSize                  = 122945536                              {pd product} {ergonomic}
    uintx ProfiledCodeHeapSize                     = 122880000                              {pd product} {ergonomic}
    uintx ReservedCodeCacheSize                    = 251658240                              {pd product} {ergonomic}
     bool SegmentedCodeCache                       = true                                      {product} {ergonomic}
   size_t SoftMaxHeapSize                          = 134217728                              {manageable} {ergonomic}
     bool UseCompressedOops                        = true                           {product lp64_product} {ergonomic}
     bool UseG1GC                                  = true                                      {product} {ergonomic}
     bool UseLargePagesIndividualAllocation        = false                                  {pd product} {ergonomic}

Logging:
Log output configuration:
 #0: stdout all=warning uptime,level,tags foldmultilines=false
 #1: stderr all=off uptime,level,tags foldmultilines=false

Environment Variables:
JAVA_HOME=D:\apps\java
PATH=C:\Program Files\Common Files\Oracle\Java\javapath;C:\WINDOWS\system32;C:\WINDOWS;C:\WINDOWS\System32\Wbem;C:\WINDOWS\System32\WindowsPowerShell\v1.0\;C:\WINDOWS\System32\OpenSSH\;D:\apps\codeblocks\compiler\bin;D:\apps\matlab\bin;D:\apps\git\Git\cmd;D:\apps\java\maven\apache-maven-3.9.11-bin\apache-maven-3.9.11\bin;D:\apps\java\bin;D:\apps\java;D:\apps\node\;C:\Program Files\MySQL\MySQL Server 8.0\bin;C:\Program Files\MySQL\MySQL Shell 8.0\bin\;C:\Users\jaisu\AppData\Local\Microsoft\WindowsApps;D:\apps\VS Code\Microsoft VS Code\bin;C:\Users\jaisu\AppData\Local\Microsoft\WinGet\Packages\DefangLabs.Defang_Microsoft.Winget.Source_8wekyb3d8bbwe;C:\Users\jaisu\AppData\Roaming\npm;D:\apps\node;D:\apps\ghci\bin;;D:\apps\ghci\bin\ghcup\bin;D:\apps\ghci\ghcup\bin
USERNAME=jaisu
TERM=xterm-256color
OS=Windows_NT
PROCESSOR_IDENTIFIER=Intel64 Family 6 Model 170 Stepping 4, GenuineIntel
TMP=C:\Users\jaisu\AppData\Local\Temp
TEMP=C:\Users\jaisu\AppData\Local\Temp




Periodic native trim disabled

---------------  S Y S T E M  ---------------

OS:
 Windows 11 , 64 bit Build 26100 (10.0.26100.7309)
OS uptime: 0 days 18:51 hours
Hyper-V role detected

CPU: total 14 (initial active 14) (7 cores per cpu, 2 threads per core) family 6 model 170 stepping 4 microcode 0x1c, cx8, cmov, fxsr, ht, mmx, 3dnowpref, sse, sse2, sse3, ssse3, sse4.1, sse4.2, popcnt, lzcnt, tsc, tscinvbit, avx, avx2, aes, erms, clmul, bmi1, bmi2, adx, sha, fma, vzeroupper, clflush, clflushopt, clwb, hv, serialize, rdtscp, rdpid, fsrm, gfni, f16c, cet_ibt, cet_ss
Processor Information for processor 0
  Max Mhz: 1300, Current Mhz: 1300, Mhz Limit: 1300
Processor Information for processor 1
  Max Mhz: 1300, Current Mhz: 1300, Mhz Limit: 1300
Processor Information for processor 2
  Max Mhz: 3600, Current Mhz: 800, Mhz Limit: 792
Processor Information for processor 3
  Max Mhz: 3600, Current Mhz: 800, Mhz Limit: 792
Processor Information for processor 4
  Max Mhz: 3600, Current Mhz: 800, Mhz Limit: 792
Processor Information for processor 5
  Max Mhz: 3600, Current Mhz: 800, Mhz Limit: 792
Processor Information for processor 6
  Max Mhz: 3600, Current Mhz: 800, Mhz Limit: 792
Processor Information for processor 7
  Max Mhz: 3600, Current Mhz: 800, Mhz Limit: 792
Processor Information for processor 8
  Max Mhz: 3600, Current Mhz: 800, Mhz Limit: 792
Processor Information for processor 9
  Max Mhz: 3600, Current Mhz: 800, Mhz Limit: 792
Processor Information for processor 10
  Max Mhz: 1300, Current Mhz: 1300, Mhz Limit: 1300
Processor Information for processor 11
  Max Mhz: 1300, Current Mhz: 1300, Mhz Limit: 1300
Processor Information for processor 12
  Max Mhz: 2100, Current Mhz: 700, Mhz Limit: 693
Processor Information for processor 13
  Max Mhz: 2100, Current Mhz: 700, Mhz Limit: 693

Memory: 4k page, system-wide physical 16049M (3924M free)
TotalPageFile size 16049M (AvailPageFile size 4M)
current process WorkingSet (physical memory assigned to process): 312M, peak: 312M
current process commit charge ("private bytes"): 472M, peak: 477M

vm_info: Java HotSpot(TM) 64-Bit Server VM (24.0.2+12-54) for windows-amd64 JRE (24.0.2+12-54), built on 2025-07-08T12:10:27Z with MS VC++ 17.6 (VS2022)

END.
