#
# There is insufficient memory for the Java Runtime Environment to continue.
# Native memory allocation (malloc) failed to allocate 1048576 bytes. Error detail: AllocateHeap
# Possible reasons:
#   The system is out of physical RAM or swap space
#   This process is running with CompressedOops enabled, and the Java Heap may be blocking the growth of the native heap
# Possible solutions:
#   Reduce memory load on the system
#   Increase physical memory or swap space
#   Check if swap backing store is full
#   Decrease Java heap size (-Xmx/-Xms)
#   Decrease number of Java threads
#   Decrease Java thread stack sizes (-Xss)
#   Set larger code cache with -XX:ReservedCodeCacheSize=
#   JVM is running with Unscaled Compressed Oops mode in which the Java heap is
#     placed in the first 4GB address space. The Java Heap base address is the
#     maximum limit for the native heap growth. Please use -XX:HeapBaseMinAddress
#     to set the Java Heap base and to place the Java Heap above 4GB virtual address.
# This output file may be truncated or incomplete.
#
#  Out of Memory Error (allocation.cpp:44), pid=22148, tid=12984
#
# JRE version:  (24.0.2+12) (build )
# Java VM: Java HotSpot(TM) 64-Bit Server VM (24.0.2+12-54, mixed mode, sharing, tiered, compressed oops, compressed class ptrs, g1 gc, windows-amd64)
# No core dump will be written. Minidumps are not enabled by default on client versions of Windows
#

---------------  S U M M A R Y ------------

Command Line: -Xmx512m --module-path=C:\Users\jaisu\Desktop\New folder (3)\Nets\netgame\target\classes;C:\Users\jaisu\.m2\repository\com\google\code\gson\gson\2.10.1\gson-2.10.1.jar;C:\Users\jaisu\.m2\repository\org\openjfx\javafx-base\21\javafx-base-21-win.jar;C:\Users\jaisu\.m2\repository\org\openjfx\javafx-controls\21\javafx-controls-21-win.jar;C:\Users\jaisu\.m2\repository\org\openjfx\javafx-fxml\21\javafx-fxml-21-win.jar;C:\Users\jaisu\.m2\repository\org\openjfx\javafx-graphics\21\javafx-graphics-21-win.jar --add-modules=com.nets -Djdk.module.main=com.nets com.nets/com.nets.NetsGame

Host: Intel(R) Core(TM) Ultra 5 125U, 14 cores, 15G,  Windows 11 , 64 bit Build 26100 (10.0.26100.7309)
Time: Tue Dec 23 19:16:34 2025 India Standard Time elapsed time: 0.059628 seconds (0d 0h 0m 0s)

---------------  T H R E A D  ---------------

Current thread (0x000001becb2a21a0):  JavaThread "Unknown thread" [_thread_in_vm, id=12984, stack(0x0000008d36800000,0x0000008d36900000) (1024K)]

Stack: [0x0000008d36800000,0x0000008d36900000]
Native frames: (J=compiled Java code, j=interpreted, Vv=VM code, C=native code)
V  [jvm.dll+0x730829]  (no source info available)
V  [jvm.dll+0x8d9da3]  (no source info available)
V  [jvm.dll+0x8dc28d]  (no source info available)
V  [jvm.dll+0x8dc903]  (no source info available)
V  [jvm.dll+0x2a9f56]  (no source info available)
V  [jvm.dll+0xbea27]  (no source info available)
V  [jvm.dll+0x3666b5]  (no source info available)
V  [jvm.dll+0x35dda1]  (no source info available)
V  [jvm.dll+0x89d50f]  (no source info available)
V  [jvm.dll+0x3f979d]  (no source info available)
V  [jvm.dll+0x885b66]  (no source info available)
V  [jvm.dll+0x495e7e]  (no source info available)
V  [jvm.dll+0x497c51]  (no source info available)
C  [jli.dll+0x52a1]  (no source info available)
C  [ucrtbase.dll+0x37b0]  (no source info available)
C  [KERNEL32.DLL+0x2e8d7]  (no source info available)
C  [ntdll.dll+0x8c53c]  (no source info available)

Lock stack of current Java thread (top to bottom):


---------------  P R O C E S S  ---------------

Threads class SMR info:
_java_thread_list=0x00007fff503ff318, length=0, elements={
}

Java Threads: ( => current thread )
Total: 0

Other Threads:
  0x000001becd6c8bc0 WorkerThread "GC Thread#0"                     [id=8040, stack(0x0000008d36900000,0x0000008d36a00000) (1024K)]

[error occurred during error reporting (printing all threads), id 0xc0000005, EXCEPTION_ACCESS_VIOLATION (0xc0000005) at pc=0x00007fff4fb2bb80]
VM state: not at safepoint (not fully initialized)

VM Mutex/Monitor currently owned by a thread:  ([mutex/lock_event])
[0x00007fff504845f0] Heap_lock - owner thread: 0x000001becb2a21a0

Heap address: 0x00000000e0000000, size: 512 MB, Compressed Oops mode: 32-bit

CDS archive(s) mapped at: [0x0000000000000000-0x0000000000000000-0x0000000000000000), size 0, SharedBaseAddress: 0x0000000800000000, ArchiveRelocationMode: 1.
UseCompressedClassPointers 1, UseCompactObjectHeaders 0
Narrow klass pointer bits 32, Max shift 3
Narrow klass base: 0xffffffffffffffff, Narrow klass shift: -1
Encoding Range: [0xffffffffffffffff - 0x000000007fffffff), (2147483648 bytes)
Klass Range:    [0x0000000000000000 - 0x0000000000000000), (0 bytes)
Klass ID Range:  [4294967295 - 0) (1)

GC Precious Log:
 CardTable entry size: 512
 Card Set container configuration: InlinePtr #cards 5 size 8 Array Of Cards #cards 10 size 36 Howl #buckets 4 coarsen threshold 1843 Howl Bitmap #cards 512 size 80 coarsen threshold 460 Card regions per heap region 1 cards per card region 2048

Heap:
 garbage-first heap   total reserved 524288K, committed 0K, used 0K [0x00000000e0000000, 0x0000000100000000)
  region size 1024K, 0 young (0K), 0 survivors (0K)

[error occurred during error reporting (printing heap information), id 0xc0000005, EXCEPTION_ACCESS_VIOLATION (0xc0000005) at pc=0x00007fff4ff4e679]
GC Heap History (0 events):
No events

Dll operation events (1 events):
Event: 0.007 Loaded shared library D:\apps\java\bin\java.dll

Deoptimization events (0 events):
No events

Classes loaded (0 events):
No events

Classes unloaded (0 events):
No events

Classes redefined (0 events):
No events

Internal exceptions (0 events):
No events

VM Operations (0 events):
No events

Memory protections (0 events):
No events

Nmethod flushes (0 events):
No events

Events (0 events):
No events


Dynamic libraries:
0x00007ff642780000 - 0x00007ff642790000 	D:\apps\java\bin\java.exe
0x00007fffdc020000 - 0x00007fffdc287000 	C:\WINDOWS\SYSTEM32\ntdll.dll
0x00007fffdb050000 - 0x00007fffdb119000 	C:\WINDOWS\System32\KERNEL32.DLL
0x00007fffd9660000 - 0x00007fffd9a4f000 	C:\WINDOWS\System32\KERNELBASE.dll
0x00007fffd9170000 - 0x00007fffd92bb000 	C:\WINDOWS\System32\ucrtbase.dll
0x00007fffd3650000 - 0x00007fffd3666000 	D:\apps\java\bin\jli.dll
0x00007fffc1e30000 - 0x00007fffc1e4b000 	D:\apps\java\bin\VCRUNTIME140.dll
0x00007fffdb4b0000 - 0x00007fffdb675000 	C:\WINDOWS\System32\USER32.dll
0x00007fffd9410000 - 0x00007fffd9437000 	C:\WINDOWS\System32\win32u.dll
0x00007fffdaa30000 - 0x00007fffdaa5b000 	C:\WINDOWS\System32\GDI32.dll
0x00007fffb4db0000 - 0x00007fffb5043000 	C:\WINDOWS\WinSxS\amd64_microsoft.windows.common-controls_6595b64144ccf1df_6.0.26100.7309_none_3e05feeae336a044\COMCTL32.dll
0x00007fffd9c90000 - 0x00007fffd9dbc000 	C:\WINDOWS\System32\gdi32full.dll
0x00007fffd9be0000 - 0x00007fffd9c83000 	C:\WINDOWS\System32\msvcp_win.dll
0x00007fffdaea0000 - 0x00007fffdaf49000 	C:\WINDOWS\System32\msvcrt.dll
0x00007fffda1a0000 - 0x00007fffda1d1000 	C:\WINDOWS\System32\IMM32.DLL
0x00007fffc2030000 - 0x00007fffc203c000 	D:\apps\java\bin\vcruntime140_1.dll
0x00007fff98220000 - 0x00007fff982ae000 	D:\apps\java\bin\msvcp140.dll
0x00007fff4f7c0000 - 0x00007fff50561000 	D:\apps\java\bin\server\jvm.dll
0x00007fffdaf50000 - 0x00007fffdb004000 	C:\WINDOWS\System32\ADVAPI32.dll
0x00007fffdb130000 - 0x00007fffdb1d6000 	C:\WINDOWS\System32\sechost.dll
0x00007fffdb2e0000 - 0x00007fffdb3f8000 	C:\WINDOWS\System32\RPCRT4.dll
0x00007fffdb1e0000 - 0x00007fffdb254000 	C:\WINDOWS\System32\WS2_32.dll
0x00007fffd8ff0000 - 0x00007fffd904e000 	C:\WINDOWS\SYSTEM32\POWRPROF.dll
0x00007fffbf840000 - 0x00007fffbf84b000 	C:\WINDOWS\SYSTEM32\VERSION.dll
0x00007fffd5950000 - 0x00007fffd5985000 	C:\WINDOWS\SYSTEM32\WINMM.dll
0x00007fffd8fd0000 - 0x00007fffd8fe4000 	C:\WINDOWS\SYSTEM32\UMPDC.dll
0x00007fffd7f20000 - 0x00007fffd7f3b000 	C:\WINDOWS\SYSTEM32\kernel.appcore.dll
0x00007fffbfc30000 - 0x00007fffbfc3a000 	D:\apps\java\bin\jimage.dll
0x00007fffd6760000 - 0x00007fffd69a2000 	C:\WINDOWS\SYSTEM32\DBGHELP.DLL
0x00007fffd9e10000 - 0x00007fffda195000 	C:\WINDOWS\System32\combase.dll
0x00007fffdaa60000 - 0x00007fffdab36000 	C:\WINDOWS\System32\OLEAUT32.dll
0x00007fffaf180000 - 0x00007fffaf1bc000 	C:\WINDOWS\SYSTEM32\dbgcore.DLL
0x00007fffd95b0000 - 0x00007fffd9655000 	C:\WINDOWS\System32\bcryptPrimitives.dll
0x00007fffb7910000 - 0x00007fffb792e000 	D:\apps\java\bin\java.dll
0x00007fffdab40000 - 0x00007fffdacd7000 	C:\WINDOWS\System32\ole32.dll
0x00007fffdb7f0000 - 0x00007fffdbf43000 	C:\WINDOWS\System32\SHELL32.dll
0x00007fffd9440000 - 0x00007fffd95aa000 	C:\WINDOWS\System32\wintypes.dll

JVMTI agents: none

dbghelp: loaded successfully - version: 4.0.5 - missing functions: none
symbol engine: initialized successfully - sym options: 0x614 - pdb path: .;D:\apps\java\bin;C:\WINDOWS\SYSTEM32;C:\WINDOWS\WinSxS\amd64_microsoft.windows.common-controls_6595b64144ccf1df_6.0.26100.7309_none_3e05feeae336a044;D:\apps\java\bin\server

VM Arguments:
jvm_args: -Xmx512m --module-path=C:\Users\jaisu\Desktop\New folder (3)\Nets\netgame\target\classes;C:\Users\jaisu\.m2\repository\com\google\code\gson\gson\2.10.1\gson-2.10.1.jar;C:\Users\jaisu\.m2\repository\org\openjfx\javafx-base\21\javafx-base-21-win.jar;C:\Users\jaisu\.m2\repository\org\openjfx\javafx-controls\21\javafx-controls-21-win.jar;C:\Users\jaisu\.m2\repository\org\openjfx\javafx-fxml\21\javafx-fxml-21-win.jar;C:\Users\jaisu\.m2\repository\org\openjfx\javafx-graphics\21\javafx-graphics-21-win.jar --add-modules=com.nets -Djdk.module.main=com.nets 
java_command: com.nets/com.nets.NetsGame
java_class_path (initial): C:\Users\jaisu\.m2\repository\org\openjfx\javafx-base\21\javafx-base-21.jar;C:\Users\jaisu\.m2\repository\org\openjfx\javafx-controls\21\javafx-controls-21.jar;C:\Users\jaisu\.m2\repository\org\openjfx\javafx-fxml\21\javafx-fxml-21.jar;C:\Users\jaisu\.m2\repository\org\openjfx\javafx-graphics\21\javafx-graphics-21.jar
Launcher Type: SUN_STANDARD

[Global flags]
     intx CICompilerCount                          = 4                                         {product} {ergonomic}
     uint ConcGCThreads                            = 3                                         {product} {ergonomic}
     uint G1ConcRefinementThreads                  = 11                                        {product} {ergonomic}
   size_t G1HeapRegionSize                         = 1048576                                   {product} {ergonomic}
   size_t InitialHeapSize                          = 264241152                                 {product} {ergonomic}
   size_t MarkStackSize                            = 4194304                                   {product} {ergonomic}
   size_t MarkStackSizeMax                         = 536870912                                 {product} {ergonomic}
   size_t MaxHeapSize                              = 536870912                                 {product} {command line}
   size_t MinHeapDeltaBytes                        = 1048576                                   {product} {ergonomic}
   size_t MinHeapSize                              = 8388608                                   {product} {ergonomic}
    uintx NonNMethodCodeHeapSize                   = 5832704                                {pd product} {ergonomic}
    uintx NonProfiledCodeHeapSize                  = 122945536                              {pd product} {ergonomic}
    uintx ProfiledCodeHeapSize                     = 122880000                              {pd product} {ergonomic}
    uintx ReservedCodeCacheSize                    = 251658240                              {pd product} {ergonomic}
     bool SegmentedCodeCache                       = true                                      {product} {ergonomic}
   size_t SoftMaxHeapSize                          = 536870912                              {manageable} {ergonomic}
     bool UseCompressedOops                        = true                           {product lp64_product} {ergonomic}
     bool UseG1GC                                  = true                                      {product} {ergonomic}
     bool UseLargePagesIndividualAllocation        = false                                  {pd product} {ergonomic}

Logging:
Log output configuration:
 #0: stdout all=warning uptime,level,tags foldmultilines=false
 #1: stderr all=off uptime,level,tags foldmultilines=false

Environment Variables:
JAVA_HOME=D:\apps\java
PATH=C:\Program Files\Common Files\Oracle\Java\javapath;C:\WINDOWS\system32;C:\WINDOWS;C:\WINDOWS\System32\Wbem;C:\WINDOWS\System32\WindowsPowerShell\v1.0\;C:\WINDOWS\System32\OpenSSH\;D:\apps\codeblocks\compiler\bin;D:\apps\matlab\bin;D:\apps\git\Git\cmd;D:\apps\java\maven\apache-maven-3.9.11-bin\apache-maven-3.9.11\bin;D:\apps\java\bin;D:\apps\java;D:\apps\node\;C:\Program Files\MySQL\MySQL Server 8.0\bin;C:\Program Files\MySQL\MySQL Shell 8.0\bin\;C:\Users\jaisu\AppData\Local\Microsoft\WindowsApps;D:\apps\VS Code\Microsoft VS Code\bin;C:\Users\jaisu\AppData\Local\Microsoft\WinGet\Packages\DefangLabs.Defang_Microsoft.Winget.Source_8wekyb3d8bbwe;C:\Users\jaisu\AppData\Roaming\npm;D:\apps\node;D:\apps\ghci\bin;;D:\apps\ghci\bin\ghcup\bin;D:\apps\ghci\ghcup\bin
USERNAME=jaisu
TERM=xterm-256color
OS=Windows_NT
PROCESSOR_IDENTIFIER=Intel64 Family 6 Model 170 Stepping 4, GenuineIntel
TMP=C:\Users\jaisu\AppData\Local\Temp
TEMP=C:\Users\jaisu\AppData\Local\Temp




Periodic native trim disabled

---------------  S Y S T E M  ---------------

OS:
 Windows 11 , 64 bit Build 26100 (10.0.26100.7309)
OS uptime: 0 days 18:50 hours
Hyper-V role detected

CPU: total 14 (initial active 14) (7 cores per cpu, 2 threads per core) family 6 model 170 stepping 4 microcode 0x1c, cx8, cmov, fxsr, ht, mmx, 3dnowpref, sse, sse2, sse3, ssse3, sse4.1, sse4.2, popcnt, lzcnt, tsc, tscinvbit, avx, avx2, aes, erms, clmul, bmi1, bmi2, adx, sha, fma, vzeroupper, clflush, clflushopt, clwb, hv, serialize, rdtscp, rdpid, fsrm, gfni, f16c, cet_ibt, cet_ss
Processor Information for processor 0
  Max Mhz: 1300, Current Mhz: 1300, Mhz Limit: 1300
Processor Information for processor 1
  Max Mhz: 1300, Current Mhz: 1300, Mhz Limit: 1300
Processor Information for processor 2
  Max Mhz: 3600, Current Mhz: 800, Mhz Limit: 792
Processor Information for processor 3
  Max Mhz: 3600, Current Mhz: 800, Mhz Limit: 792
Processor Information for processor 4
  Max Mhz: 3600, Current Mhz: 800, Mhz Limit: 792
Processor Information for processor 5
  Max Mhz: 3600, Current Mhz: 800, Mhz Limit: 792
Processor Information for processor 6
  Max Mhz: 3600, Current Mhz: 800, Mhz Limit: 792
Processor Information for processor 7
  Max Mhz: 3600, Current Mhz: 800, Mhz Limit: 792
Processor Information for processor 8
  Max Mhz: 3600, Current Mhz: 800, Mhz Limit: 792
Processor Information for processor 9
  Max Mhz: 3600, Current Mhz: 800, Mhz Limit: 792
Processor Information for processor 10
  Max Mhz: 1300, Current Mhz: 1300, Mhz Limit: 1300
Processor Information for processor 11
  Max Mhz: 1300, Current Mhz: 1300, Mhz Limit: 1300
Processor Information for processor 12
  Max Mhz: 2100, Current Mhz: 700, Mhz Limit: 693
Processor Information for processor 13
  Max Mhz: 2100, Current Mhz: 700, Mhz Limit: 693

Memory: 4k page, system-wide physical 16049M (4008M free)
TotalPageFile size 16049M (AvailPageFile size 5M)
current process WorkingSet (physical memory assigned to process): 13M, peak: 13M
current process commit charge ("private bytes"): 57M, peak: 58M

vm_info: Java HotSpot(TM) 64-Bit Server VM (24.0.2+12-54) for windows-amd64 JRE (24.0.2+12-54), built on 2025-07-08T12:10:27Z with MS VC++ 17.6 (VS2022)

END.
